<!DOCTYPE html>

<html>
  <head>
  <meta charset='utf-8'>
  <title>TestNG reports</title>

    <link type="text/css" href="testng-reports1.css" rel="stylesheet" id="ultra" />
    <link type="text/css" href="testng-reports.css" rel="stylesheet" id="retro" disabled="false"/>
    <script type="text/javascript" src="jquery-3.6.0.min.js"></script>
    <script type="text/javascript" src="testng-reports.js"></script>
    <script type="text/javascript" src="https://www.google.com/jsapi"></script>
    <script type='text/javascript'>
      google.load('visualization', '1', {packages:['table']});
      google.setOnLoadCallback(drawTable);
      var suiteTableInitFunctions = new Array();
      var suiteTableData = new Array();
    </script>
    <!--
      <script type="text/javascript" src="jquery-ui/js/jquery-ui-1.8.16.custom.min.js"></script>
     -->
  </head>

  <body>    <div class="top-banner-root">
      <span class="top-banner-title-font">Test results</span>
      <button id="button" class="button">Switch Retro Theme</button> <!-- button -->
      <br/>
      <span class="top-banner-font-1">1 suite, 23 failed tests</span>
    </div> <!-- top-banner-root -->
    <div class="navigator-root">
      <div class="navigator-suite-header">
        <span>All suites</span>
        <a href="#" title="Collapse/expand all the suites" class="collapse-all-link">
          <img src="collapseall.gif" class="collapse-all-icon">
          </img> <!-- collapse-all-icon -->
        </a> <!-- collapse-all-link -->
      </div> <!-- navigator-suite-header -->
      <div class="suite">
        <div class="rounded-window">
          <div class="suite-header light-rounded-window-top">
            <a href="#" panel-name="suite-Suite" class="navigator-link">
              <span class="suite-name border-failed">Suite</span>
            </a> <!-- navigator-link -->
          </div> <!-- suite-header light-rounded-window-top -->
          <div class="navigator-suite-content">
            <div class="suite-section-title">
              <span>Info</span>
            </div> <!-- suite-section-title -->
            <div class="suite-section-content">
              <ul>
                <li>
                  <a href="#" panel-name="test-xml-Suite" class="navigator-link ">
                    <span>C:\my Project\ORANGEHRM-main\testng.xml</span>
                  </a> <!-- navigator-link  -->
                </li>
                <li>
                  <a href="#" panel-name="testlist-Suite" class="navigator-link ">
                    <span class="test-stats">1 test</span>
                  </a> <!-- navigator-link  -->
                </li>
                <li>
                  <a href="#" panel-name="group-Suite" class="navigator-link ">
                    <span>0 groups</span>
                  </a> <!-- navigator-link  -->
                </li>
                <li>
                  <a href="#" panel-name="times-Suite" class="navigator-link ">
                    <span>Times</span>
                  </a> <!-- navigator-link  -->
                </li>
                <li>
                  <a href="#" panel-name="reporter-Suite" class="navigator-link ">
                    <span>Reporter output</span>
                  </a> <!-- navigator-link  -->
                </li>
                <li>
                  <a href="#" panel-name="ignored-methods-Suite" class="navigator-link ">
                    <span>Ignored methods</span>
                  </a> <!-- navigator-link  -->
                </li>
                <li>
                  <a href="#" panel-name="chronological-Suite" class="navigator-link ">
                    <span>Chronological view</span>
                  </a> <!-- navigator-link  -->
                </li>
              </ul>
            </div> <!-- suite-section-content -->
            <div class="result-section">
              <div class="suite-section-title">
                <span>Results</span>
              </div> <!-- suite-section-title -->
              <div class="suite-section-content">
                <ul>
                  <li>
                    <span class="method-stats">62 methods, 23 failed,   39 passed</span>
                  </li>
                  <li>
                    <span class="method-list-title failed">Failed methods</span>
                    <span class="show-or-hide-methods failed">
                      <a href="#" panel-name="suite-Suite" class="hide-methods failed suite-Suite"> (hide)</a> <!-- hide-methods failed suite-Suite -->
                      <a href="#" panel-name="suite-Suite" class="show-methods failed suite-Suite"> (show)</a> <!-- show-methods failed suite-Suite -->
                    </span>
                    <div class="method-list-content failed suite-Suite">
                      <span>
                        <img src="failed.png" width="3%"/>
                        <a href="#" panel-name="suite-Suite" title="testBase.Admin_pageTest" class="method navigator-link" hash-for-method="AddNewUser">AddNewUser</a> <!-- method navigator-link -->
                      </span>
                      <br/>
                      <span>
                        <img src="failed.png" width="3%"/>
                        <a href="#" panel-name="suite-Suite" title="testBase.PIMPageTest" class="method navigator-link" hash-for-method="Add_Employee">Add_Employee</a> <!-- method navigator-link -->
                      </span>
                      <br/>
                      <span>
                        <img src="failed.png" width="3%"/>
                        <a href="#" panel-name="suite-Suite" title="testBase.PIMPageTest" class="method navigator-link" hash-for-method="Add_Employee_Disable_Satus">Add_Employee_Disable_Satus</a> <!-- method navigator-link -->
                      </span>
                      <br/>
                      <span>
                        <img src="failed.png" width="3%"/>
                        <a href="#" panel-name="suite-Suite" title="testBase.PIMPageTest" class="method navigator-link" hash-for-method="Add_Employee_cancel">Add_Employee_cancel</a> <!-- method navigator-link -->
                      </span>
                      <br/>
                      <span>
                        <img src="failed.png" width="3%"/>
                        <a href="#" panel-name="suite-Suite" title="testBase.PIMPageTest" class="method navigator-link" hash-for-method="EmployeeConformPassword">EmployeeConformPassword</a> <!-- method navigator-link -->
                      </span>
                      <br/>
                      <span>
                        <img src="failed.png" width="3%"/>
                        <a href="#" panel-name="suite-Suite" title="testBase.PIMPageTest" class="method navigator-link" hash-for-method="EmployeeEnterPassword">EmployeeEnterPassword</a> <!-- method navigator-link -->
                      </span>
                      <br/>
                      <span>
                        <img src="failed.png" width="3%"/>
                        <a href="#" panel-name="suite-Suite" title="testBase.PIMPageTest" class="method navigator-link" hash-for-method="EmployeeNamelastEnter_Save">EmployeeNamelastEnter_Save</a> <!-- method navigator-link -->
                      </span>
                      <br/>
                      <span>
                        <img src="failed.png" width="3%"/>
                        <a href="#" panel-name="suite-Suite" title="testBase.PIMPageTest" class="method navigator-link" hash-for-method="EmployeeUserNameIsEmpty">EmployeeUserNameIsEmpty</a> <!-- method navigator-link -->
                      </span>
                      <br/>
                      <span>
                        <img src="failed.png" width="3%"/>
                        <a href="#" panel-name="suite-Suite" title="testBase.PIMPageTest" class="method navigator-link" hash-for-method="EmployeeusernameI_Save">EmployeeusernameI_Save</a> <!-- method navigator-link -->
                      </span>
                      <br/>
                      <span>
                        <img src="failed.png" width="3%"/>
                        <a href="#" panel-name="suite-Suite" title="testBase.PIMPageTest" class="method navigator-link" hash-for-method="Empty_Employee_Save">Empty_Employee_Save</a> <!-- method navigator-link -->
                      </span>
                      <br/>
                      <span>
                        <img src="failed.png" width="3%"/>
                        <a href="#" panel-name="suite-Suite" title="testBase.LeavePageTest" class="method navigator-link" hash-for-method="EnterTheLeaveList">EnterTheLeaveList</a> <!-- method navigator-link -->
                      </span>
                      <br/>
                      <span>
                        <img src="failed.png" width="3%"/>
                        <a href="#" panel-name="suite-Suite" title="testBase.PIMPageTest" class="method navigator-link" hash-for-method="SameEmployeeID">SameEmployeeID</a> <!-- method navigator-link -->
                      </span>
                      <br/>
                      <span>
                        <img src="failed.png" width="3%"/>
                        <a href="#" panel-name="suite-Suite" title="testBase.Admin_pageTest" class="method navigator-link" hash-for-method="SearchSystemrole">SearchSystemrole</a> <!-- method navigator-link -->
                      </span>
                      <br/>
                      <span>
                        <img src="failed.png" width="3%"/>
                        <a href="#" panel-name="suite-Suite" title="testBase.Admin_pageTest" class="method navigator-link" hash-for-method="SearchSystemstatus">SearchSystemstatus</a> <!-- method navigator-link -->
                      </span>
                      <br/>
                      <span>
                        <img src="failed.png" width="3%"/>
                        <a href="#" panel-name="suite-Suite" title="testBase.PIMPageTest" class="method navigator-link" hash-for-method="clickEmployeeListTheAddButton">clickEmployeeListTheAddButton</a> <!-- method navigator-link -->
                      </span>
                      <br/>
                      <span>
                        <img src="failed.png" width="3%"/>
                        <a href="#" panel-name="suite-Suite" title="testBase.LeavePageTest" class="method navigator-link" hash-for-method="clickTheResetbutton">clickTheResetbutton</a> <!-- method navigator-link -->
                      </span>
                      <br/>
                      <span>
                        <img src="failed.png" width="3%"/>
                        <a href="#" panel-name="suite-Suite" title="testBase.My_Info_PageTest" class="method navigator-link" hash-for-method="testClickButton">testClickButton</a> <!-- method navigator-link -->
                      </span>
                      <br/>
                      <span>
                        <img src="failed.png" width="3%"/>
                        <a href="#" panel-name="suite-Suite" title="testBase.My_Info_PageTest" class="method navigator-link" hash-for-method="testEnterFirstName">testEnterFirstName</a> <!-- method navigator-link -->
                      </span>
                      <br/>
                      <span>
                        <img src="failed.png" width="3%"/>
                        <a href="#" panel-name="suite-Suite" title="testBase.My_Info_PageTest" class="method navigator-link" hash-for-method="testEnterLastName">testEnterLastName</a> <!-- method navigator-link -->
                      </span>
                      <br/>
                      <span>
                        <img src="failed.png" width="3%"/>
                        <a href="#" panel-name="suite-Suite" title="testBase.My_Info_PageTest" class="method navigator-link" hash-for-method="testEnterMiddleName">testEnterMiddleName</a> <!-- method navigator-link -->
                      </span>
                      <br/>
                      <span>
                        <img src="failed.png" width="3%"/>
                        <a href="#" panel-name="suite-Suite" title="testBase.My_Info_PageTest" class="method navigator-link" hash-for-method="testSetBloodGroup">testSetBloodGroup</a> <!-- method navigator-link -->
                      </span>
                      <br/>
                      <span>
                        <img src="failed.png" width="3%"/>
                        <a href="#" panel-name="suite-Suite" title="testBase.My_Info_PageTest" class="method navigator-link" hash-for-method="testSubmitForm">testSubmitForm</a> <!-- method navigator-link -->
                      </span>
                      <br/>
                      <span>
                        <img src="failed.png" width="3%"/>
                        <a href="#" panel-name="suite-Suite" title="testBase.PIMPageTest" class="method navigator-link" hash-for-method="userlogin">userlogin</a> <!-- method navigator-link -->
                      </span>
                      <br/>
                    </div> <!-- method-list-content failed suite-Suite -->
                  </li>
                  <li>
                    <span class="method-list-title passed">Passed methods</span>
                    <span class="show-or-hide-methods passed">
                      <a href="#" panel-name="suite-Suite" class="hide-methods passed suite-Suite"> (hide)</a> <!-- hide-methods passed suite-Suite -->
                      <a href="#" panel-name="suite-Suite" class="show-methods passed suite-Suite"> (show)</a> <!-- show-methods passed suite-Suite -->
                    </span>
                    <div class="method-list-content passed suite-Suite">
                      <span>
                        <img src="passed.png" width="3%"/>
                        <a href="#" panel-name="suite-Suite" title="testBase.DashboardPageTest" class="method navigator-link" hash-for-method="ApplyleavepageVerify009">ApplyleavepageVerify009</a> <!-- method navigator-link -->
                      </span>
                      <br/>
                      <span>
                        <img src="passed.png" width="3%"/>
                        <a href="#" panel-name="suite-Suite" title="testBase.DashboardPageTest" class="method navigator-link" hash-for-method="ApplyleavepageVerify08">ApplyleavepageVerify08</a> <!-- method navigator-link -->
                      </span>
                      <br/>
                      <span>
                        <img src="passed.png" width="3%"/>
                        <a href="#" panel-name="suite-Suite" title="testBase.DashboardPageTest" class="method navigator-link" hash-for-method="AssignleavepageVerify005">AssignleavepageVerify005</a> <!-- method navigator-link -->
                      </span>
                      <br/>
                      <span>
                        <img src="passed.png" width="3%"/>
                        <a href="#" panel-name="suite-Suite" title="testBase.DashboardPageTest" class="method navigator-link" hash-for-method="BUZpageVerify012">BUZpageVerify012</a> <!-- method navigator-link -->
                      </span>
                      <br/>
                      <span>
                        <img src="passed.png" width="3%"/>
                        <a href="#" panel-name="suite-Suite" title="testBase.Admin_pageTest" class="method navigator-link" hash-for-method="Cicktheadduserbutton">Cicktheadduserbutton</a> <!-- method navigator-link -->
                      </span>
                      <br/>
                      <span>
                        <img src="passed.png" width="3%"/>
                        <a href="#" panel-name="suite-Suite" title="testBase.LeavePageTest" class="method navigator-link" hash-for-method="ClickTheLeavemenu">ClickTheLeavemenu</a> <!-- method navigator-link -->
                      </span>
                      <br/>
                      <span>
                        <img src="passed.png" width="3%"/>
                        <a href="#" panel-name="suite-Suite" title="testBase.Login_Page_test" class="method navigator-link" hash-for-method="CredentialUserNameAndPassword">CredentialUserNameAndPassword</a> <!-- method navigator-link -->
                      </span>
                      <br/>
                      <span>
                        <img src="passed.png" width="3%"/>
                        <a href="#" panel-name="suite-Suite" title="testBase.DashboardPageTest" class="method navigator-link" hash-for-method="EmplloyeeLeavesettingVerify011">EmplloyeeLeavesettingVerify011</a> <!-- method navigator-link -->
                      </span>
                      <br/>
                      <span>
                        <img src="passed.png" width="3%"/>
                        <a href="#" panel-name="suite-Suite" title="testBase.DashboardPageTest" class="method navigator-link" hash-for-method="EmployeeDistributionbySubUnit14">EmployeeDistributionbySubUnit14</a> <!-- method navigator-link -->
                      </span>
                      <br/>
                      <span>
                        <img src="passed.png" width="3%"/>
                        <a href="#" panel-name="suite-Suite" title="testBase.PIMPageTest" class="method navigator-link" hash-for-method="EmployeeNameOnlyEnter_Save">EmployeeNameOnlyEnter_Save</a> <!-- method navigator-link -->
                      </span>
                      <br/>
                      <span>
                        <img src="passed.png" width="3%"/>
                        <a href="#" panel-name="suite-Suite" title="testBase.DashboardPageTest" class="method navigator-link" hash-for-method="PagenameVerify002">PagenameVerify002</a> <!-- method navigator-link -->
                      </span>
                      <br/>
                      <span>
                        <img src="passed.png" width="3%"/>
                        <a href="#" panel-name="suite-Suite" title="testBase.Admin_pageTest" class="method navigator-link" hash-for-method="SearchSystemUsers">SearchSystemUsers</a> <!-- method navigator-link -->
                      </span>
                      <br/>
                      <span>
                        <img src="passed.png" width="3%"/>
                        <a href="#" panel-name="suite-Suite" title="testBase.Admin_pageTest" class="method navigator-link" hash-for-method="SearchSystememployeename">SearchSystememployeename</a> <!-- method navigator-link -->
                      </span>
                      <br/>
                      <span>
                        <img src="passed.png" width="3%"/>
                        <a href="#" panel-name="suite-Suite" title="testBase.LeavePageTest" class="method navigator-link" hash-for-method="ToDateFieldisEmpty">ToDateFieldisEmpty</a> <!-- method navigator-link -->
                      </span>
                      <br/>
                      <span>
                        <img src="passed.png" width="3%"/>
                        <a href="#" panel-name="suite-Suite" title="testBase.DashboardPageTest" class="method navigator-link" hash-for-method="Verifyadminmenubuttonworkin">Verifyadminmenubuttonworkin</a> <!-- method navigator-link -->
                      </span>
                      <br/>
                      <span>
                        <img src="passed.png" width="3%"/>
                        <a href="#" panel-name="suite-Suite" title="testBase.PIMPageTest" class="method navigator-link" hash-for-method="clickThePIMManu">clickThePIMManu</a> <!-- method navigator-link -->
                      </span>
                      <br/>
                      <span>
                        <img src="passed.png" width="3%"/>
                        <a href="#" panel-name="suite-Suite" title="testBase.DashboardPageTest" class="method navigator-link" hash-for-method="clockpageVerify003">clockpageVerify003</a> <!-- method navigator-link -->
                      </span>
                      <br/>
                      <span>
                        <img src="passed.png" width="3%"/>
                        <a href="#" panel-name="suite-Suite" title="testBase.DashboardPageTest" class="method navigator-link" hash-for-method="elementscreenshot_employeeimg_TWBox_Qlbox_MAbox013">elementscreenshot_employeeimg_TWBox_Qlbox_MAbox013</a> <!-- method navigator-link -->
                      </span>
                      <br/>
                      <span>
                        <img src="passed.png" width="3%"/>
                        <a href="#" panel-name="suite-Suite" title="testBase.LeavePageTest" class="method navigator-link" hash-for-method="fieldsAreEmpty">fieldsAreEmpty</a> <!-- method navigator-link -->
                      </span>
                      <br/>
                      <span>
                        <img src="passed.png" width="3%"/>
                        <a href="#" panel-name="suite-Suite" title="testBase.Login_Page_test" class="method navigator-link" hash-for-method="forgetpasscancelTest008">forgetpasscancelTest008</a> <!-- method navigator-link -->
                      </span>
                      <br/>
                      <span>
                        <img src="passed.png" width="3%"/>
                        <a href="#" panel-name="suite-Suite" title="testBase.Login_Page_test" class="method navigator-link" hash-for-method="forgetpasssentest009">forgetpasssentest009</a> <!-- method navigator-link -->
                      </span>
                      <br/>
                      <span>
                        <img src="passed.png" width="3%"/>
                        <a href="#" panel-name="suite-Suite" title="testBase.Login_Page_test" class="method navigator-link" hash-for-method="forgetpasstest007">forgetpasstest007</a> <!-- method navigator-link -->
                      </span>
                      <br/>
                      <span>
                        <img src="passed.png" width="3%"/>
                        <a href="#" panel-name="suite-Suite" title="testBase.LeavePageTest" class="method navigator-link" hash-for-method="formDateFieldisEmpty">formDateFieldisEmpty</a> <!-- method navigator-link -->
                      </span>
                      <br/>
                      <span>
                        <img src="passed.png" width="3%"/>
                        <a href="#" panel-name="suite-Suite" title="testBase.DashboardPageTest" class="method navigator-link" hash-for-method="leaveListpageVerify006">leaveListpageVerify006</a> <!-- method navigator-link -->
                      </span>
                      <br/>
                      <span>
                        <img src="passed.png" width="3%"/>
                        <a href="#" panel-name="suite-Suite" title="testBase.LeavePageTest" class="method navigator-link" hash-for-method="login">login</a> <!-- method navigator-link -->
                      </span>
                      <br/>
                      <span>
                        <img src="passed.png" width="3%"/>
                        <a href="#" panel-name="suite-Suite" title="testBase.DashboardPageTest" class="method navigator-link" hash-for-method="loginTest001">loginTest001</a> <!-- method navigator-link -->
                      </span>
                      <br/>
                      <span>
                        <img src="passed.png" width="3%"/>
                        <a href="#" panel-name="suite-Suite" title="testBase.Admin_pageTest" class="method navigator-link" hash-for-method="loginTest001">loginTest001</a> <!-- method navigator-link -->
                      </span>
                      <br/>
                      <span>
                        <img src="passed.png" width="3%"/>
                        <a href="#" panel-name="suite-Suite" title="testBase.My_Info_PageTest" class="method navigator-link" hash-for-method="loginTest001">loginTest001</a> <!-- method navigator-link -->
                      </span>
                      <br/>
                      <span>
                        <img src="passed.png" width="3%"/>
                        <a href="#" panel-name="suite-Suite" title="testBase.Login_Page_test" class="method navigator-link" hash-for-method="loginTest001">loginTest001</a> <!-- method navigator-link -->
                      </span>
                      <br/>
                      <span>
                        <img src="passed.png" width="3%"/>
                        <a href="#" panel-name="suite-Suite" title="testBase.Login_Page_test" class="method navigator-link" hash-for-method="loginTest002">loginTest002</a> <!-- method navigator-link -->
                      </span>
                      <br/>
                      <span>
                        <img src="passed.png" width="3%"/>
                        <a href="#" panel-name="suite-Suite" title="testBase.Login_Page_test" class="method navigator-link" hash-for-method="loginTest003">loginTest003</a> <!-- method navigator-link -->
                      </span>
                      <br/>
                      <span>
                        <img src="passed.png" width="3%"/>
                        <a href="#" panel-name="suite-Suite" title="testBase.Login_Page_test" class="method navigator-link" hash-for-method="loginTest1004">loginTest1004</a> <!-- method navigator-link -->
                      </span>
                      <br/>
                      <span>
                        <img src="passed.png" width="3%"/>
                        <a href="#" panel-name="suite-Suite" title="testBase.Login_Page_test" class="method navigator-link" hash-for-method="logoTest005">logoTest005</a> <!-- method navigator-link -->
                      </span>
                      <br/>
                      <span>
                        <img src="passed.png" width="3%"/>
                        <a href="#" panel-name="suite-Suite" title="testBase.DashboardPageTest" class="method navigator-link" hash-for-method="mytimesheetpageVerify0010">mytimesheetpageVerify0010</a> <!-- method navigator-link -->
                      </span>
                      <br/>
                      <span>
                        <img src="passed.png" width="3%"/>
                        <a href="#" panel-name="suite-Suite" title="testBase.DashboardPageTest" class="method navigator-link" hash-for-method="performancepageVerify004">performancepageVerify004</a> <!-- method navigator-link -->
                      </span>
                      <br/>
                      <span>
                        <img src="passed.png" width="3%"/>
                        <a href="#" panel-name="suite-Suite" title="testBase.LeavePageTest" class="method navigator-link" hash-for-method="statusFieldisEmpty">statusFieldisEmpty</a> <!-- method navigator-link -->
                      </span>
                      <br/>
                      <span>
                        <img src="passed.png" width="3%"/>
                        <a href="#" panel-name="suite-Suite" title="testBase.My_Info_PageTest" class="method navigator-link" hash-for-method="testSelectDateOfBirth">testSelectDateOfBirth</a> <!-- method navigator-link -->
                      </span>
                      <br/>
                      <span>
                        <img src="passed.png" width="3%"/>
                        <a href="#" panel-name="suite-Suite" title="testBase.My_Info_PageTest" class="method navigator-link" hash-for-method="testSelectDropdownOption">testSelectDropdownOption</a> <!-- method navigator-link -->
                      </span>
                      <br/>
                      <span>
                        <img src="passed.png" width="3%"/>
                        <a href="#" panel-name="suite-Suite" title="testBase.DashboardPageTest" class="method navigator-link" hash-for-method="timesheetpageVerify007">timesheetpageVerify007</a> <!-- method navigator-link -->
                      </span>
                      <br/>
                    </div> <!-- method-list-content passed suite-Suite -->
                  </li>
                </ul>
              </div> <!-- suite-section-content -->
            </div> <!-- result-section -->
          </div> <!-- navigator-suite-content -->
        </div> <!-- rounded-window -->
      </div> <!-- suite -->
    </div> <!-- navigator-root -->
    <div class="wrapper">
      <div class="main-panel-root">
        <div panel-name="suite-Suite" class="panel Suite">
          <div class="suite-Suite-class-failed">
            <div class="main-panel-header rounded-window-top">
              <img src="failed.png"/>
              <span class="class-name">testBase.PIMPageTest</span>
            </div> <!-- main-panel-header rounded-window-top -->
            <div class="main-panel-content rounded-window-bottom">
              <div class="method">
                <div class="method-content">
                  <a name="Add_Employee">
                  </a> <!-- Add_Employee -->
                  <span class="method-name">Add_Employee</span>
                  <div class="stack-trace">org.openqa.selenium.NoSuchElementException: no such element: Unable to locate element: {&quot;method&quot;:&quot;xpath&quot;,&quot;selector&quot;:&quot;//input[@name=&apos;firstName&apos;]&quot;}
  (Session info: chrome=134.0.6998.178)
For documentation on this error, please visit: https://www.selenium.dev/documentation/webdriver/troubleshooting/errors#no-such-element-exception
Build info: version: &apos;4.22.0&apos;, revision: &apos;c5f3146703*&apos;
System info: os.name: &apos;Windows 10&apos;, os.arch: &apos;amd64&apos;, os.version: &apos;10.0&apos;, java.version: &apos;23.0.1&apos;
Driver info: org.openqa.selenium.chrome.ChromeDriver
Command: [731a97348033fca23f4c4e1bbbe7cf15, findElement {value=//input[@name=&apos;firstName&apos;], using=xpath}]
Capabilities {acceptInsecureCerts: false, browserName: chrome, browserVersion: 134.0.6998.178, chrome: {chromedriverVersion: 134.0.6998.165 (fd886e2cb29..., userDataDir: C:\Users\xmedia\AppData\Loc...}, fedcm:accounts: true, goog:chromeOptions: {debuggerAddress: localhost:62224}, networkConnectionEnabled: false, pageLoadStrategy: normal, platformName: windows, proxy: Proxy(), se:cdp: ws://localhost:62224/devtoo..., se:cdpVersion: 134.0.6998.178, setWindowRect: true, strictFileInteractability: false, timeouts: {implicit: 0, pageLoad: 300000, script: 30000}, unhandledPromptBehavior: dismiss and notify, webauthn:extension:credBlob: true, webauthn:extension:largeBlob: true, webauthn:extension:minPinLength: true, webauthn:extension:prf: true, webauthn:virtualAuthenticators: true}
Session ID: 731a97348033fca23f4c4e1bbbe7cf15
	at org.openqa.selenium.remote.ErrorCodec.decode(ErrorCodec.java:167)
	at org.openqa.selenium.remote.codec.w3c.W3CHttpResponseCodec.decode(W3CHttpResponseCodec.java:138)
	at org.openqa.selenium.remote.codec.w3c.W3CHttpResponseCodec.decode(W3CHttpResponseCodec.java:50)
	at org.openqa.selenium.remote.HttpCommandExecutor.execute(HttpCommandExecutor.java:190)
	at org.openqa.selenium.remote.service.DriverCommandExecutor.invokeExecute(DriverCommandExecutor.java:216)
	at org.openqa.selenium.remote.service.DriverCommandExecutor.execute(DriverCommandExecutor.java:174)
	at org.openqa.selenium.remote.RemoteWebDriver.execute(RemoteWebDriver.java:518)
	at org.openqa.selenium.remote.ElementLocation$ElementFinder$2.findElement(ElementLocation.java:165)
	at org.openqa.selenium.remote.ElementLocation.findElement(ElementLocation.java:59)
	at org.openqa.selenium.remote.RemoteWebDriver.findElement(RemoteWebDriver.java:355)
	at org.openqa.selenium.remote.RemoteWebDriver.findElement(RemoteWebDriver.java:349)
	at pageObjectClass.PIMPage.enterEmployeeFirstName(PIMPage.java:193)
	at testBase.PIMPageTest.Add_Employee(PIMPageTest.java:53)
	at java.base/java.util.ArrayList.forEach(ArrayList.java:1597)
... Removed 28 stack frames
</div> <!-- stack-trace -->
                </div> <!-- method-content -->
              </div> <!-- method -->
              <div class="method">
                <div class="method-content">
                  <a name="Add_Employee_Disable_Satus">
                  </a> <!-- Add_Employee_Disable_Satus -->
                  <span class="method-name">Add_Employee_Disable_Satus</span>
                  <div class="stack-trace">org.openqa.selenium.NoSuchElementException: no such element: Unable to locate element: {&quot;method&quot;:&quot;xpath&quot;,&quot;selector&quot;:&quot;//input[@placeholder=&apos;Type for hints...&apos;]&quot;}
  (Session info: chrome=134.0.6998.178)
For documentation on this error, please visit: https://www.selenium.dev/documentation/webdriver/troubleshooting/errors#no-such-element-exception
Build info: version: &apos;4.22.0&apos;, revision: &apos;c5f3146703*&apos;
System info: os.name: &apos;Windows 10&apos;, os.arch: &apos;amd64&apos;, os.version: &apos;10.0&apos;, java.version: &apos;23.0.1&apos;
Driver info: org.openqa.selenium.chrome.ChromeDriver
Command: [731a97348033fca23f4c4e1bbbe7cf15, findElement {value=//input[@placeholder=&apos;Type for hints...&apos;], using=xpath}]
Capabilities {acceptInsecureCerts: false, browserName: chrome, browserVersion: 134.0.6998.178, chrome: {chromedriverVersion: 134.0.6998.165 (fd886e2cb29..., userDataDir: C:\Users\xmedia\AppData\Loc...}, fedcm:accounts: true, goog:chromeOptions: {debuggerAddress: localhost:62224}, networkConnectionEnabled: false, pageLoadStrategy: normal, platformName: windows, proxy: Proxy(), se:cdp: ws://localhost:62224/devtoo..., se:cdpVersion: 134.0.6998.178, setWindowRect: true, strictFileInteractability: false, timeouts: {implicit: 0, pageLoad: 300000, script: 30000}, unhandledPromptBehavior: dismiss and notify, webauthn:extension:credBlob: true, webauthn:extension:largeBlob: true, webauthn:extension:minPinLength: true, webauthn:extension:prf: true, webauthn:virtualAuthenticators: true}
Session ID: 731a97348033fca23f4c4e1bbbe7cf15
	at org.openqa.selenium.remote.ErrorCodec.decode(ErrorCodec.java:167)
	at org.openqa.selenium.remote.codec.w3c.W3CHttpResponseCodec.decode(W3CHttpResponseCodec.java:138)
	at org.openqa.selenium.remote.codec.w3c.W3CHttpResponseCodec.decode(W3CHttpResponseCodec.java:50)
	at org.openqa.selenium.remote.HttpCommandExecutor.execute(HttpCommandExecutor.java:190)
	at org.openqa.selenium.remote.service.DriverCommandExecutor.invokeExecute(DriverCommandExecutor.java:216)
	at org.openqa.selenium.remote.service.DriverCommandExecutor.execute(DriverCommandExecutor.java:174)
	at org.openqa.selenium.remote.RemoteWebDriver.execute(RemoteWebDriver.java:518)
	at org.openqa.selenium.remote.ElementLocation$ElementFinder$2.findElement(ElementLocation.java:165)
	at org.openqa.selenium.remote.ElementLocation.findElement(ElementLocation.java:59)
	at org.openqa.selenium.remote.RemoteWebDriver.findElement(RemoteWebDriver.java:355)
	at org.openqa.selenium.remote.RemoteWebDriver.findElement(RemoteWebDriver.java:349)
	at pageObjectClass.PIMPage.enterEmployeeName(PIMPage.java:69)
	at testBase.PIMPageTest.Add_Employee_Disable_Satus(PIMPageTest.java:78)
	at java.base/java.util.ArrayList.forEach(ArrayList.java:1597)
... Removed 28 stack frames
</div> <!-- stack-trace -->
                </div> <!-- method-content -->
              </div> <!-- method -->
              <div class="method">
                <div class="method-content">
                  <a name="Add_Employee_cancel">
                  </a> <!-- Add_Employee_cancel -->
                  <span class="method-name">Add_Employee_cancel</span>
                  <div class="stack-trace">org.openqa.selenium.NoSuchElementException: no such element: Unable to locate element: {&quot;method&quot;:&quot;xpath&quot;,&quot;selector&quot;:&quot;//input[@placeholder=&apos;Type for hints...&apos;]&quot;}
  (Session info: chrome=134.0.6998.178)
For documentation on this error, please visit: https://www.selenium.dev/documentation/webdriver/troubleshooting/errors#no-such-element-exception
Build info: version: &apos;4.22.0&apos;, revision: &apos;c5f3146703*&apos;
System info: os.name: &apos;Windows 10&apos;, os.arch: &apos;amd64&apos;, os.version: &apos;10.0&apos;, java.version: &apos;23.0.1&apos;
Driver info: org.openqa.selenium.chrome.ChromeDriver
Command: [731a97348033fca23f4c4e1bbbe7cf15, findElement {value=//input[@placeholder=&apos;Type for hints...&apos;], using=xpath}]
Capabilities {acceptInsecureCerts: false, browserName: chrome, browserVersion: 134.0.6998.178, chrome: {chromedriverVersion: 134.0.6998.165 (fd886e2cb29..., userDataDir: C:\Users\xmedia\AppData\Loc...}, fedcm:accounts: true, goog:chromeOptions: {debuggerAddress: localhost:62224}, networkConnectionEnabled: false, pageLoadStrategy: normal, platformName: windows, proxy: Proxy(), se:cdp: ws://localhost:62224/devtoo..., se:cdpVersion: 134.0.6998.178, setWindowRect: true, strictFileInteractability: false, timeouts: {implicit: 0, pageLoad: 300000, script: 30000}, unhandledPromptBehavior: dismiss and notify, webauthn:extension:credBlob: true, webauthn:extension:largeBlob: true, webauthn:extension:minPinLength: true, webauthn:extension:prf: true, webauthn:virtualAuthenticators: true}
Session ID: 731a97348033fca23f4c4e1bbbe7cf15
	at org.openqa.selenium.remote.ErrorCodec.decode(ErrorCodec.java:167)
	at org.openqa.selenium.remote.codec.w3c.W3CHttpResponseCodec.decode(W3CHttpResponseCodec.java:138)
	at org.openqa.selenium.remote.codec.w3c.W3CHttpResponseCodec.decode(W3CHttpResponseCodec.java:50)
	at org.openqa.selenium.remote.HttpCommandExecutor.execute(HttpCommandExecutor.java:190)
	at org.openqa.selenium.remote.service.DriverCommandExecutor.invokeExecute(DriverCommandExecutor.java:216)
	at org.openqa.selenium.remote.service.DriverCommandExecutor.execute(DriverCommandExecutor.java:174)
	at org.openqa.selenium.remote.RemoteWebDriver.execute(RemoteWebDriver.java:518)
	at org.openqa.selenium.remote.ElementLocation$ElementFinder$2.findElement(ElementLocation.java:165)
	at org.openqa.selenium.remote.ElementLocation.findElement(ElementLocation.java:59)
	at org.openqa.selenium.remote.RemoteWebDriver.findElement(RemoteWebDriver.java:355)
	at org.openqa.selenium.remote.RemoteWebDriver.findElement(RemoteWebDriver.java:349)
	at pageObjectClass.PIMPage.enterEmployeeName(PIMPage.java:69)
	at testBase.PIMPageTest.Add_Employee_cancel(PIMPageTest.java:98)
	at java.base/java.util.ArrayList.forEach(ArrayList.java:1597)
... Removed 28 stack frames
</div> <!-- stack-trace -->
                </div> <!-- method-content -->
              </div> <!-- method -->
              <div class="method">
                <div class="method-content">
                  <a name="EmployeeConformPassword">
                  </a> <!-- EmployeeConformPassword -->
                  <span class="method-name">EmployeeConformPassword</span>
                  <div class="stack-trace">org.openqa.selenium.NoSuchElementException: no such element: Unable to locate element: {&quot;method&quot;:&quot;xpath&quot;,&quot;selector&quot;:&quot;//input[@placeholder=&apos;Type for hints...&apos;]&quot;}
  (Session info: chrome=134.0.6998.178)
For documentation on this error, please visit: https://www.selenium.dev/documentation/webdriver/troubleshooting/errors#no-such-element-exception
Build info: version: &apos;4.22.0&apos;, revision: &apos;c5f3146703*&apos;
System info: os.name: &apos;Windows 10&apos;, os.arch: &apos;amd64&apos;, os.version: &apos;10.0&apos;, java.version: &apos;23.0.1&apos;
Driver info: org.openqa.selenium.chrome.ChromeDriver
Command: [731a97348033fca23f4c4e1bbbe7cf15, findElement {value=//input[@placeholder=&apos;Type for hints...&apos;], using=xpath}]
Capabilities {acceptInsecureCerts: false, browserName: chrome, browserVersion: 134.0.6998.178, chrome: {chromedriverVersion: 134.0.6998.165 (fd886e2cb29..., userDataDir: C:\Users\xmedia\AppData\Loc...}, fedcm:accounts: true, goog:chromeOptions: {debuggerAddress: localhost:62224}, networkConnectionEnabled: false, pageLoadStrategy: normal, platformName: windows, proxy: Proxy(), se:cdp: ws://localhost:62224/devtoo..., se:cdpVersion: 134.0.6998.178, setWindowRect: true, strictFileInteractability: false, timeouts: {implicit: 0, pageLoad: 300000, script: 30000}, unhandledPromptBehavior: dismiss and notify, webauthn:extension:credBlob: true, webauthn:extension:largeBlob: true, webauthn:extension:minPinLength: true, webauthn:extension:prf: true, webauthn:virtualAuthenticators: true}
Session ID: 731a97348033fca23f4c4e1bbbe7cf15
	at org.openqa.selenium.remote.ErrorCodec.decode(ErrorCodec.java:167)
	at org.openqa.selenium.remote.codec.w3c.W3CHttpResponseCodec.decode(W3CHttpResponseCodec.java:138)
	at org.openqa.selenium.remote.codec.w3c.W3CHttpResponseCodec.decode(W3CHttpResponseCodec.java:50)
	at org.openqa.selenium.remote.HttpCommandExecutor.execute(HttpCommandExecutor.java:190)
	at org.openqa.selenium.remote.service.DriverCommandExecutor.invokeExecute(DriverCommandExecutor.java:216)
	at org.openqa.selenium.remote.service.DriverCommandExecutor.execute(DriverCommandExecutor.java:174)
	at org.openqa.selenium.remote.RemoteWebDriver.execute(RemoteWebDriver.java:518)
	at org.openqa.selenium.remote.ElementLocation$ElementFinder$2.findElement(ElementLocation.java:165)
	at org.openqa.selenium.remote.ElementLocation.findElement(ElementLocation.java:59)
	at org.openqa.selenium.remote.RemoteWebDriver.findElement(RemoteWebDriver.java:355)
	at org.openqa.selenium.remote.RemoteWebDriver.findElement(RemoteWebDriver.java:349)
	at pageObjectClass.PIMPage.enterEmployeeName(PIMPage.java:69)
	at testBase.PIMPageTest.EmployeeConformPassword(PIMPageTest.java:186)
	at java.base/java.util.ArrayList.forEach(ArrayList.java:1597)
... Removed 28 stack frames
</div> <!-- stack-trace -->
                </div> <!-- method-content -->
              </div> <!-- method -->
              <div class="method">
                <div class="method-content">
                  <a name="EmployeeEnterPassword">
                  </a> <!-- EmployeeEnterPassword -->
                  <span class="method-name">EmployeeEnterPassword</span>
                  <div class="stack-trace">org.openqa.selenium.NoSuchElementException: no such element: Unable to locate element: {&quot;method&quot;:&quot;xpath&quot;,&quot;selector&quot;:&quot;//input[@placeholder=&apos;Type for hints...&apos;]&quot;}
  (Session info: chrome=134.0.6998.178)
For documentation on this error, please visit: https://www.selenium.dev/documentation/webdriver/troubleshooting/errors#no-such-element-exception
Build info: version: &apos;4.22.0&apos;, revision: &apos;c5f3146703*&apos;
System info: os.name: &apos;Windows 10&apos;, os.arch: &apos;amd64&apos;, os.version: &apos;10.0&apos;, java.version: &apos;23.0.1&apos;
Driver info: org.openqa.selenium.chrome.ChromeDriver
Command: [731a97348033fca23f4c4e1bbbe7cf15, findElement {value=//input[@placeholder=&apos;Type for hints...&apos;], using=xpath}]
Capabilities {acceptInsecureCerts: false, browserName: chrome, browserVersion: 134.0.6998.178, chrome: {chromedriverVersion: 134.0.6998.165 (fd886e2cb29..., userDataDir: C:\Users\xmedia\AppData\Loc...}, fedcm:accounts: true, goog:chromeOptions: {debuggerAddress: localhost:62224}, networkConnectionEnabled: false, pageLoadStrategy: normal, platformName: windows, proxy: Proxy(), se:cdp: ws://localhost:62224/devtoo..., se:cdpVersion: 134.0.6998.178, setWindowRect: true, strictFileInteractability: false, timeouts: {implicit: 0, pageLoad: 300000, script: 30000}, unhandledPromptBehavior: dismiss and notify, webauthn:extension:credBlob: true, webauthn:extension:largeBlob: true, webauthn:extension:minPinLength: true, webauthn:extension:prf: true, webauthn:virtualAuthenticators: true}
Session ID: 731a97348033fca23f4c4e1bbbe7cf15
	at org.openqa.selenium.remote.ErrorCodec.decode(ErrorCodec.java:167)
	at org.openqa.selenium.remote.codec.w3c.W3CHttpResponseCodec.decode(W3CHttpResponseCodec.java:138)
	at org.openqa.selenium.remote.codec.w3c.W3CHttpResponseCodec.decode(W3CHttpResponseCodec.java:50)
	at org.openqa.selenium.remote.HttpCommandExecutor.execute(HttpCommandExecutor.java:190)
	at org.openqa.selenium.remote.service.DriverCommandExecutor.invokeExecute(DriverCommandExecutor.java:216)
	at org.openqa.selenium.remote.service.DriverCommandExecutor.execute(DriverCommandExecutor.java:174)
	at org.openqa.selenium.remote.RemoteWebDriver.execute(RemoteWebDriver.java:518)
	at org.openqa.selenium.remote.ElementLocation$ElementFinder$2.findElement(ElementLocation.java:165)
	at org.openqa.selenium.remote.ElementLocation.findElement(ElementLocation.java:59)
	at org.openqa.selenium.remote.RemoteWebDriver.findElement(RemoteWebDriver.java:355)
	at org.openqa.selenium.remote.RemoteWebDriver.findElement(RemoteWebDriver.java:349)
	at pageObjectClass.PIMPage.enterEmployeeName(PIMPage.java:69)
	at testBase.PIMPageTest.EmployeeEnterPassword(PIMPageTest.java:171)
	at java.base/java.util.ArrayList.forEach(ArrayList.java:1597)
... Removed 28 stack frames
</div> <!-- stack-trace -->
                </div> <!-- method-content -->
              </div> <!-- method -->
              <div class="method">
                <div class="method-content">
                  <a name="EmployeeNamelastEnter_Save">
                  </a> <!-- EmployeeNamelastEnter_Save -->
                  <span class="method-name">EmployeeNamelastEnter_Save</span>
                  <div class="stack-trace">java.lang.AssertionError: expected [false] but found [true]
	at testBase.PIMPageTest.EmployeeNamelastEnter_Save(PIMPageTest.java:134)
	at java.base/java.util.ArrayList.forEach(ArrayList.java:1597)
... Removed 32 stack frames
</div> <!-- stack-trace -->
                </div> <!-- method-content -->
              </div> <!-- method -->
              <div class="method">
                <div class="method-content">
                  <a name="EmployeeUserNameIsEmpty">
                  </a> <!-- EmployeeUserNameIsEmpty -->
                  <span class="method-name">EmployeeUserNameIsEmpty</span>
                  <div class="stack-trace">org.openqa.selenium.NoSuchElementException: no such element: Unable to locate element: {&quot;method&quot;:&quot;xpath&quot;,&quot;selector&quot;:&quot;//input[@placeholder=&apos;Type for hints...&apos;]&quot;}
  (Session info: chrome=134.0.6998.178)
For documentation on this error, please visit: https://www.selenium.dev/documentation/webdriver/troubleshooting/errors#no-such-element-exception
Build info: version: &apos;4.22.0&apos;, revision: &apos;c5f3146703*&apos;
System info: os.name: &apos;Windows 10&apos;, os.arch: &apos;amd64&apos;, os.version: &apos;10.0&apos;, java.version: &apos;23.0.1&apos;
Driver info: org.openqa.selenium.chrome.ChromeDriver
Command: [731a97348033fca23f4c4e1bbbe7cf15, findElement {value=//input[@placeholder=&apos;Type for hints...&apos;], using=xpath}]
Capabilities {acceptInsecureCerts: false, browserName: chrome, browserVersion: 134.0.6998.178, chrome: {chromedriverVersion: 134.0.6998.165 (fd886e2cb29..., userDataDir: C:\Users\xmedia\AppData\Loc...}, fedcm:accounts: true, goog:chromeOptions: {debuggerAddress: localhost:62224}, networkConnectionEnabled: false, pageLoadStrategy: normal, platformName: windows, proxy: Proxy(), se:cdp: ws://localhost:62224/devtoo..., se:cdpVersion: 134.0.6998.178, setWindowRect: true, strictFileInteractability: false, timeouts: {implicit: 0, pageLoad: 300000, script: 30000}, unhandledPromptBehavior: dismiss and notify, webauthn:extension:credBlob: true, webauthn:extension:largeBlob: true, webauthn:extension:minPinLength: true, webauthn:extension:prf: true, webauthn:virtualAuthenticators: true}
Session ID: 731a97348033fca23f4c4e1bbbe7cf15
	at org.openqa.selenium.remote.ErrorCodec.decode(ErrorCodec.java:167)
	at org.openqa.selenium.remote.codec.w3c.W3CHttpResponseCodec.decode(W3CHttpResponseCodec.java:138)
	at org.openqa.selenium.remote.codec.w3c.W3CHttpResponseCodec.decode(W3CHttpResponseCodec.java:50)
	at org.openqa.selenium.remote.HttpCommandExecutor.execute(HttpCommandExecutor.java:190)
	at org.openqa.selenium.remote.service.DriverCommandExecutor.invokeExecute(DriverCommandExecutor.java:216)
	at org.openqa.selenium.remote.service.DriverCommandExecutor.execute(DriverCommandExecutor.java:174)
	at org.openqa.selenium.remote.RemoteWebDriver.execute(RemoteWebDriver.java:518)
	at org.openqa.selenium.remote.ElementLocation$ElementFinder$2.findElement(ElementLocation.java:165)
	at org.openqa.selenium.remote.ElementLocation.findElement(ElementLocation.java:59)
	at org.openqa.selenium.remote.RemoteWebDriver.findElement(RemoteWebDriver.java:355)
	at org.openqa.selenium.remote.RemoteWebDriver.findElement(RemoteWebDriver.java:349)
	at pageObjectClass.PIMPage.enterEmployeeName(PIMPage.java:69)
	at testBase.PIMPageTest.EmployeeUserNameIsEmpty(PIMPageTest.java:157)
	at java.base/java.util.ArrayList.forEach(ArrayList.java:1597)
... Removed 28 stack frames
</div> <!-- stack-trace -->
                </div> <!-- method-content -->
              </div> <!-- method -->
              <div class="method">
                <div class="method-content">
                  <a name="EmployeeusernameI_Save">
                  </a> <!-- EmployeeusernameI_Save -->
                  <span class="method-name">EmployeeusernameI_Save</span>
                  <div class="stack-trace">java.lang.IllegalArgumentException: Keys to send should be a not null CharSequence
	at org.openqa.selenium.remote.RemoteWebElement.sendKeys(RemoteWebElement.java:96)
	at pageObjectClass.PIMPage.enterEmployeeUsername(PIMPage.java:295)
	at testBase.PIMPageTest.EmployeeusernameI_Save(PIMPageTest.java:144)
	at java.base/java.util.ArrayList.forEach(ArrayList.java:1597)
... Removed 25 stack frames
</div> <!-- stack-trace -->
                </div> <!-- method-content -->
              </div> <!-- method -->
              <div class="method">
                <div class="method-content">
                  <a name="Empty_Employee_Save">
                  </a> <!-- Empty_Employee_Save -->
                  <span class="method-name">Empty_Employee_Save</span>
                  <div class="stack-trace">org.openqa.selenium.NoSuchElementException: no such element: Unable to locate element: {&quot;method&quot;:&quot;xpath&quot;,&quot;selector&quot;:&quot;//div[@class=&apos;orangehrm-header-container&apos;]//button[1]&quot;}
  (Session info: chrome=134.0.6998.178)
For documentation on this error, please visit: https://www.selenium.dev/documentation/webdriver/troubleshooting/errors#no-such-element-exception
Build info: version: &apos;4.22.0&apos;, revision: &apos;c5f3146703*&apos;
System info: os.name: &apos;Windows 10&apos;, os.arch: &apos;amd64&apos;, os.version: &apos;10.0&apos;, java.version: &apos;23.0.1&apos;
Driver info: org.openqa.selenium.chrome.ChromeDriver
Command: [731a97348033fca23f4c4e1bbbe7cf15, findElement {value=//div[@class=&apos;orangehrm-header-container&apos;]//button[1], using=xpath}]
Capabilities {acceptInsecureCerts: false, browserName: chrome, browserVersion: 134.0.6998.178, chrome: {chromedriverVersion: 134.0.6998.165 (fd886e2cb29..., userDataDir: C:\Users\xmedia\AppData\Loc...}, fedcm:accounts: true, goog:chromeOptions: {debuggerAddress: localhost:62224}, networkConnectionEnabled: false, pageLoadStrategy: normal, platformName: windows, proxy: Proxy(), se:cdp: ws://localhost:62224/devtoo..., se:cdpVersion: 134.0.6998.178, setWindowRect: true, strictFileInteractability: false, timeouts: {implicit: 0, pageLoad: 300000, script: 30000}, unhandledPromptBehavior: dismiss and notify, webauthn:extension:credBlob: true, webauthn:extension:largeBlob: true, webauthn:extension:minPinLength: true, webauthn:extension:prf: true, webauthn:virtualAuthenticators: true}
Session ID: 731a97348033fca23f4c4e1bbbe7cf15
	at org.openqa.selenium.remote.ErrorCodec.decode(ErrorCodec.java:167)
	at org.openqa.selenium.remote.codec.w3c.W3CHttpResponseCodec.decode(W3CHttpResponseCodec.java:138)
	at org.openqa.selenium.remote.codec.w3c.W3CHttpResponseCodec.decode(W3CHttpResponseCodec.java:50)
	at org.openqa.selenium.remote.HttpCommandExecutor.execute(HttpCommandExecutor.java:190)
	at org.openqa.selenium.remote.service.DriverCommandExecutor.invokeExecute(DriverCommandExecutor.java:216)
	at org.openqa.selenium.remote.service.DriverCommandExecutor.execute(DriverCommandExecutor.java:174)
	at org.openqa.selenium.remote.RemoteWebDriver.execute(RemoteWebDriver.java:518)
	at org.openqa.selenium.remote.ElementLocation$ElementFinder$2.findElement(ElementLocation.java:165)
	at org.openqa.selenium.remote.ElementLocation.findElement(ElementLocation.java:59)
	at org.openqa.selenium.remote.RemoteWebDriver.findElement(RemoteWebDriver.java:355)
	at org.openqa.selenium.remote.RemoteWebDriver.findElement(RemoteWebDriver.java:349)
	at pageObjectClass.PIMPage.clickAddButton(PIMPage.java:63)
	at testBase.PIMPageTest.Empty_Employee_Save(PIMPageTest.java:109)
	at java.base/java.util.ArrayList.forEach(ArrayList.java:1597)
... Removed 28 stack frames
</div> <!-- stack-trace -->
                </div> <!-- method-content -->
              </div> <!-- method -->
              <div class="method">
                <div class="method-content">
                  <a name="SameEmployeeID">
                  </a> <!-- SameEmployeeID -->
                  <span class="method-name">SameEmployeeID</span>
                  <div class="stack-trace">org.openqa.selenium.WebDriverException: unknown error: unhandled inspector error: {&quot;code&quot;:-32000,&quot;message&quot;:&quot;Node with given id does not belong to the document&quot;}
  (Session info: chrome=134.0.6998.178)
Build info: version: &apos;4.22.0&apos;, revision: &apos;c5f3146703*&apos;
System info: os.name: &apos;Windows 10&apos;, os.arch: &apos;amd64&apos;, os.version: &apos;10.0&apos;, java.version: &apos;23.0.1&apos;
Driver info: org.openqa.selenium.chrome.ChromeDriver
Command: [731a97348033fca23f4c4e1bbbe7cf15, clickElement {id=f.7CB0ECC7AD7D5A340A888388767D5904.d.29F6D5364FC51B443CDD06487449C243.e.584}]
Capabilities {acceptInsecureCerts: false, browserName: chrome, browserVersion: 134.0.6998.178, chrome: {chromedriverVersion: 134.0.6998.165 (fd886e2cb29..., userDataDir: C:\Users\xmedia\AppData\Loc...}, fedcm:accounts: true, goog:chromeOptions: {debuggerAddress: localhost:62224}, networkConnectionEnabled: false, pageLoadStrategy: normal, platformName: windows, proxy: Proxy(), se:cdp: ws://localhost:62224/devtoo..., se:cdpVersion: 134.0.6998.178, setWindowRect: true, strictFileInteractability: false, timeouts: {implicit: 0, pageLoad: 300000, script: 30000}, unhandledPromptBehavior: dismiss and notify, webauthn:extension:credBlob: true, webauthn:extension:largeBlob: true, webauthn:extension:minPinLength: true, webauthn:extension:prf: true, webauthn:virtualAuthenticators: true}
Element: [[ChromeDriver: chrome on windows (731a97348033fca23f4c4e1bbbe7cf15)] -&gt; xpath: //button[@type=&apos;submit&apos;]]
Session ID: 731a97348033fca23f4c4e1bbbe7cf15
	at org.openqa.selenium.remote.ErrorCodec.decode(ErrorCodec.java:167)
	at org.openqa.selenium.remote.codec.w3c.W3CHttpResponseCodec.decode(W3CHttpResponseCodec.java:138)
	at org.openqa.selenium.remote.codec.w3c.W3CHttpResponseCodec.decode(W3CHttpResponseCodec.java:50)
	at org.openqa.selenium.remote.HttpCommandExecutor.execute(HttpCommandExecutor.java:190)
	at org.openqa.selenium.remote.service.DriverCommandExecutor.invokeExecute(DriverCommandExecutor.java:216)
	at org.openqa.selenium.remote.service.DriverCommandExecutor.execute(DriverCommandExecutor.java:174)
	at org.openqa.selenium.remote.RemoteWebDriver.execute(RemoteWebDriver.java:518)
	at org.openqa.selenium.remote.RemoteWebElement.execute(RemoteWebElement.java:223)
	at org.openqa.selenium.remote.RemoteWebElement.click(RemoteWebElement.java:76)
	at pageObjectClass.PIMPage.clickSaveButton(PIMPage.java:351)
	at testBase.PIMPageTest.SameEmployeeID(PIMPageTest.java:205)
	at java.base/java.util.ArrayList.forEach(ArrayList.java:1597)
... Removed 28 stack frames
</div> <!-- stack-trace -->
                </div> <!-- method-content -->
              </div> <!-- method -->
              <div class="method">
                <div class="method-content">
                  <a name="clickEmployeeListTheAddButton">
                  </a> <!-- clickEmployeeListTheAddButton -->
                  <span class="method-name">clickEmployeeListTheAddButton</span>
                  <div class="stack-trace">java.lang.AssertionError: expected [https://opensource-demo.orangehrmlive.com/web/index.php/pim/viewEmployeeList] but found [https://opensource-demo.orangehrmlive.com/web/index.php/pim/addEmployee]
	at testBase.PIMPageTest.clickEmployeeListTheAddButton(PIMPageTest.java:46)
	at java.base/java.util.ArrayList.forEach(ArrayList.java:1597)
... Removed 31 stack frames
</div> <!-- stack-trace -->
                </div> <!-- method-content -->
              </div> <!-- method -->
              <div class="method">
                <div class="method-content">
                  <a name="userlogin">
                  </a> <!-- userlogin -->
                  <span class="method-name">userlogin</span>
                  <div class="stack-trace">java.lang.AssertionError: expected [https://opensource-demo.orangehrmlive.com/web/index.php/auth/login] but found [https://opensource-demo.orangehrmlive.com/web/index.php/dashboard/index]
	at testBase.PIMPageTest.userlogin(PIMPageTest.java:21)
	at java.base/java.util.ArrayList.forEach(ArrayList.java:1597)
... Removed 31 stack frames
</div> <!-- stack-trace -->
                </div> <!-- method-content -->
              </div> <!-- method -->
            </div> <!-- main-panel-content rounded-window-bottom -->
          </div> <!-- suite-Suite-class-failed -->
          <div class="suite-Suite-class-failed">
            <div class="main-panel-header rounded-window-top">
              <img src="failed.png"/>
              <span class="class-name">testBase.My_Info_PageTest</span>
            </div> <!-- main-panel-header rounded-window-top -->
            <div class="main-panel-content rounded-window-bottom">
              <div class="method">
                <div class="method-content">
                  <a name="testClickButton">
                  </a> <!-- testClickButton -->
                  <span class="method-name">testClickButton</span>
                  <div class="stack-trace">java.lang.AssertionError: Button click did not navigate to the expected page expected [true] but found [false]
	at testBase.My_Info_PageTest.testClickButton(My_Info_PageTest.java:68)
	at java.base/java.util.ArrayList.forEach(ArrayList.java:1597)
... Removed 28 stack frames
</div> <!-- stack-trace -->
                </div> <!-- method-content -->
              </div> <!-- method -->
              <div class="method">
                <div class="method-content">
                  <a name="testEnterFirstName">
                  </a> <!-- testEnterFirstName -->
                  <span class="method-name">testEnterFirstName</span>
                  <div class="stack-trace">java.lang.AssertionError: First name does not match expected [John] but found [FirstnametestJohn]
	at testBase.My_Info_PageTest.testEnterFirstName(My_Info_PageTest.java:33)
	at java.base/java.util.ArrayList.forEach(ArrayList.java:1597)
... Removed 30 stack frames
</div> <!-- stack-trace -->
                </div> <!-- method-content -->
              </div> <!-- method -->
              <div class="method">
                <div class="method-content">
                  <a name="testEnterLastName">
                  </a> <!-- testEnterLastName -->
                  <span class="method-name">testEnterLastName</span>
                  <div class="stack-trace">java.lang.AssertionError: Last name does not match expected [Doe] but found [LastnameTestDoe]
	at testBase.My_Info_PageTest.testEnterLastName(My_Info_PageTest.java:47)
	at java.base/java.util.ArrayList.forEach(ArrayList.java:1597)
... Removed 30 stack frames
</div> <!-- stack-trace -->
                </div> <!-- method-content -->
              </div> <!-- method -->
              <div class="method">
                <div class="method-content">
                  <a name="testEnterMiddleName">
                  </a> <!-- testEnterMiddleName -->
                  <span class="method-name">testEnterMiddleName</span>
                  <div class="stack-trace">java.lang.AssertionError: Middle name does not match expected [Paul] but found [dsPaul]
	at testBase.My_Info_PageTest.testEnterMiddleName(My_Info_PageTest.java:40)
	at java.base/java.util.ArrayList.forEach(ArrayList.java:1597)
... Removed 30 stack frames
</div> <!-- stack-trace -->
                </div> <!-- method-content -->
              </div> <!-- method -->
              <div class="method">
                <div class="method-content">
                  <a name="testSetBloodGroup">
                  </a> <!-- testSetBloodGroup -->
                  <span class="method-name">testSetBloodGroup</span>
                  <div class="stack-trace">org.openqa.selenium.NoSuchElementException: no such element: Unable to locate element: {&quot;method&quot;:&quot;xpath&quot;,&quot;selector&quot;:&quot;//*[text() = &apos;A+&apos;]&quot;}
  (Session info: chrome=134.0.6998.178)
For documentation on this error, please visit: https://www.selenium.dev/documentation/webdriver/troubleshooting/errors#no-such-element-exception
Build info: version: &apos;4.22.0&apos;, revision: &apos;c5f3146703*&apos;
System info: os.name: &apos;Windows 10&apos;, os.arch: &apos;amd64&apos;, os.version: &apos;10.0&apos;, java.version: &apos;23.0.1&apos;
Driver info: org.openqa.selenium.chrome.ChromeDriver
Command: [a81bea0cddd3626cdab72f194f405875, findElement {value=//*[text() = &apos;A+&apos;], using=xpath}]
Capabilities {acceptInsecureCerts: false, browserName: chrome, browserVersion: 134.0.6998.178, chrome: {chromedriverVersion: 134.0.6998.165 (fd886e2cb29..., userDataDir: C:\Users\xmedia\AppData\Loc...}, fedcm:accounts: true, goog:chromeOptions: {debuggerAddress: localhost:62003}, networkConnectionEnabled: false, pageLoadStrategy: normal, platformName: windows, proxy: Proxy(), se:cdp: ws://localhost:62003/devtoo..., se:cdpVersion: 134.0.6998.178, setWindowRect: true, strictFileInteractability: false, timeouts: {implicit: 0, pageLoad: 300000, script: 30000}, unhandledPromptBehavior: dismiss and notify, webauthn:extension:credBlob: true, webauthn:extension:largeBlob: true, webauthn:extension:minPinLength: true, webauthn:extension:prf: true, webauthn:virtualAuthenticators: true}
Session ID: a81bea0cddd3626cdab72f194f405875
	at org.openqa.selenium.remote.ErrorCodec.decode(ErrorCodec.java:167)
	at org.openqa.selenium.remote.codec.w3c.W3CHttpResponseCodec.decode(W3CHttpResponseCodec.java:138)
	at org.openqa.selenium.remote.codec.w3c.W3CHttpResponseCodec.decode(W3CHttpResponseCodec.java:50)
	at org.openqa.selenium.remote.HttpCommandExecutor.execute(HttpCommandExecutor.java:190)
	at org.openqa.selenium.remote.service.DriverCommandExecutor.invokeExecute(DriverCommandExecutor.java:216)
	at org.openqa.selenium.remote.service.DriverCommandExecutor.execute(DriverCommandExecutor.java:174)
	at org.openqa.selenium.remote.RemoteWebDriver.execute(RemoteWebDriver.java:518)
	at org.openqa.selenium.remote.ElementLocation$ElementFinder$2.findElement(ElementLocation.java:165)
	at org.openqa.selenium.remote.ElementLocation.findElement(ElementLocation.java:59)
	at org.openqa.selenium.remote.RemoteWebDriver.findElement(RemoteWebDriver.java:355)
	at org.openqa.selenium.remote.RemoteWebDriver.findElement(RemoteWebDriver.java:349)
	at pageObjectClass.My_info_page.setBloodGroup(My_info_page.java:66)
	at testBase.My_Info_PageTest.testSetBloodGroup(My_Info_PageTest.java:73)
	at java.base/java.util.ArrayList.forEach(ArrayList.java:1597)
... Removed 28 stack frames
</div> <!-- stack-trace -->
                </div> <!-- method-content -->
              </div> <!-- method -->
              <div class="method">
                <div class="method-content">
                  <a name="testSubmitForm">
                  </a> <!-- testSubmitForm -->
                  <span class="method-name">testSubmitForm</span>
                  <div class="stack-trace">java.lang.AssertionError: Form was not submitted successfully expected [true] but found [false]
	at testBase.My_Info_PageTest.testSubmitForm(My_Info_PageTest.java:82)
	at java.base/java.util.ArrayList.forEach(ArrayList.java:1597)
... Removed 28 stack frames
</div> <!-- stack-trace -->
                </div> <!-- method-content -->
              </div> <!-- method -->
            </div> <!-- main-panel-content rounded-window-bottom -->
          </div> <!-- suite-Suite-class-failed -->
          <div class="suite-Suite-class-failed">
            <div class="main-panel-header rounded-window-top">
              <img src="failed.png"/>
              <span class="class-name">testBase.LeavePageTest</span>
            </div> <!-- main-panel-header rounded-window-top -->
            <div class="main-panel-content rounded-window-bottom">
              <div class="method">
                <div class="method-content">
                  <a name="EnterTheLeaveList">
                  </a> <!-- EnterTheLeaveList -->
                  <span class="method-name">EnterTheLeaveList</span>
                  <div class="stack-trace">org.openqa.selenium.support.ui.UnexpectedTagNameException: Element should have been &quot;select&quot; but was &quot;div&quot;
Build info: version: &apos;4.22.0&apos;, revision: &apos;c5f3146703*&apos;
System info: os.name: &apos;Windows 10&apos;, os.arch: &apos;amd64&apos;, os.version: &apos;10.0&apos;, java.version: &apos;23.0.1&apos;
Driver info: driver.version: unknown
	at org.openqa.selenium.support.ui.Select.&lt;init&gt;(Select.java:46)
	at pageObjectClass.LeavePage.selectSubUnit(LeavePage.java:174)
	at testBase.LeavePageTest.EnterTheLeaveList(LeavePageTest.java:47)
	at java.base/java.util.ArrayList.forEach(ArrayList.java:1597)
... Removed 25 stack frames
</div> <!-- stack-trace -->
                </div> <!-- method-content -->
              </div> <!-- method -->
              <div class="method">
                <div class="method-content">
                  <a name="clickTheResetbutton">
                  </a> <!-- clickTheResetbutton -->
                  <span class="method-name">clickTheResetbutton</span>
                  <div class="stack-trace">org.openqa.selenium.support.ui.UnexpectedTagNameException: Element should have been &quot;select&quot; but was &quot;div&quot;
Build info: version: &apos;4.22.0&apos;, revision: &apos;c5f3146703*&apos;
System info: os.name: &apos;Windows 10&apos;, os.arch: &apos;amd64&apos;, os.version: &apos;10.0&apos;, java.version: &apos;23.0.1&apos;
Driver info: driver.version: unknown
	at org.openqa.selenium.support.ui.Select.&lt;init&gt;(Select.java:46)
	at pageObjectClass.LeavePage.selectSubUnit(LeavePage.java:174)
	at testBase.LeavePageTest.clickTheResetbutton(LeavePageTest.java:60)
	at java.base/java.util.ArrayList.forEach(ArrayList.java:1597)
... Removed 25 stack frames
</div> <!-- stack-trace -->
                </div> <!-- method-content -->
              </div> <!-- method -->
            </div> <!-- main-panel-content rounded-window-bottom -->
          </div> <!-- suite-Suite-class-failed -->
          <div class="suite-Suite-class-failed">
            <div class="main-panel-header rounded-window-top">
              <img src="failed.png"/>
              <span class="class-name">testBase.Admin_pageTest</span>
            </div> <!-- main-panel-header rounded-window-top -->
            <div class="main-panel-content rounded-window-bottom">
              <div class="method">
                <div class="method-content">
                  <a name="AddNewUser">
                  </a> <!-- AddNewUser -->
                  <span class="method-name">AddNewUser</span>
                  <div class="stack-trace">org.openqa.selenium.NoSuchElementException: no such element: Unable to locate element: {&quot;method&quot;:&quot;xpath&quot;,&quot;selector&quot;:&quot;//label[text()=&apos;User Role&apos;]/following-sibling::div//div[contains(@class,&apos;oxd-select-text&apos;)]&quot;}
  (Session info: chrome=134.0.6998.178)
For documentation on this error, please visit: https://www.selenium.dev/documentation/webdriver/troubleshooting/errors#no-such-element-exception
Build info: version: &apos;4.22.0&apos;, revision: &apos;c5f3146703*&apos;
System info: os.name: &apos;Windows 10&apos;, os.arch: &apos;amd64&apos;, os.version: &apos;10.0&apos;, java.version: &apos;23.0.1&apos;
Driver info: org.openqa.selenium.chrome.ChromeDriver
Command: [4f0915657fcd8682b51b22e3c96a77c9, findElement {value=//label[text()=&apos;User Role&apos;]/following-sibling::div//div[contains(@class,&apos;oxd-select-text&apos;)], using=xpath}]
Capabilities {acceptInsecureCerts: false, browserName: chrome, browserVersion: 134.0.6998.178, chrome: {chromedriverVersion: 134.0.6998.165 (fd886e2cb29..., userDataDir: C:\Users\xmedia\AppData\Loc...}, fedcm:accounts: true, goog:chromeOptions: {debuggerAddress: localhost:61820}, networkConnectionEnabled: false, pageLoadStrategy: normal, platformName: windows, proxy: Proxy(), se:cdp: ws://localhost:61820/devtoo..., se:cdpVersion: 134.0.6998.178, setWindowRect: true, strictFileInteractability: false, timeouts: {implicit: 0, pageLoad: 300000, script: 30000}, unhandledPromptBehavior: dismiss and notify, webauthn:extension:credBlob: true, webauthn:extension:largeBlob: true, webauthn:extension:minPinLength: true, webauthn:extension:prf: true, webauthn:virtualAuthenticators: true}
Session ID: 4f0915657fcd8682b51b22e3c96a77c9
	at org.openqa.selenium.remote.ErrorCodec.decode(ErrorCodec.java:167)
	at org.openqa.selenium.remote.codec.w3c.W3CHttpResponseCodec.decode(W3CHttpResponseCodec.java:138)
	at org.openqa.selenium.remote.codec.w3c.W3CHttpResponseCodec.decode(W3CHttpResponseCodec.java:50)
	at org.openqa.selenium.remote.HttpCommandExecutor.execute(HttpCommandExecutor.java:190)
	at org.openqa.selenium.remote.service.DriverCommandExecutor.invokeExecute(DriverCommandExecutor.java:216)
	at org.openqa.selenium.remote.service.DriverCommandExecutor.execute(DriverCommandExecutor.java:174)
	at org.openqa.selenium.remote.RemoteWebDriver.execute(RemoteWebDriver.java:518)
	at org.openqa.selenium.remote.ElementLocation$ElementFinder$2.findElement(ElementLocation.java:165)
	at org.openqa.selenium.remote.ElementLocation.findElement(ElementLocation.java:59)
	at org.openqa.selenium.remote.RemoteWebDriver.findElement(RemoteWebDriver.java:355)
	at org.openqa.selenium.remote.RemoteWebDriver.findElement(RemoteWebDriver.java:349)
	at pageObjectClass.AdminPage.selectUserRole(AdminPage.java:46)
	at testBase.Admin_pageTest.AddNewUser(Admin_pageTest.java:66)
	at java.base/java.util.ArrayList.forEach(ArrayList.java:1597)
... Removed 28 stack frames
</div> <!-- stack-trace -->
                </div> <!-- method-content -->
              </div> <!-- method -->
              <div class="method">
                <div class="method-content">
                  <a name="SearchSystemrole">
                  </a> <!-- SearchSystemrole -->
                  <span class="method-name">SearchSystemrole</span>
                  <div class="stack-trace">org.openqa.selenium.support.ui.UnexpectedTagNameException: Element should have been &quot;select&quot; but was &quot;div&quot;
Build info: version: &apos;4.22.0&apos;, revision: &apos;c5f3146703*&apos;
System info: os.name: &apos;Windows 10&apos;, os.arch: &apos;amd64&apos;, os.version: &apos;10.0&apos;, java.version: &apos;23.0.1&apos;
Driver info: driver.version: unknown
	at org.openqa.selenium.support.ui.Select.&lt;init&gt;(Select.java:46)
	at pageObjectClass.AdminPage.selectUserRoleForSystemUser(AdminPage.java:97)
	at testBase.Admin_pageTest.SearchSystemrole(Admin_pageTest.java:34)
	at java.base/java.util.ArrayList.forEach(ArrayList.java:1597)
... Removed 25 stack frames
</div> <!-- stack-trace -->
                </div> <!-- method-content -->
              </div> <!-- method -->
              <div class="method">
                <div class="method-content">
                  <a name="SearchSystemstatus">
                  </a> <!-- SearchSystemstatus -->
                  <span class="method-name">SearchSystemstatus</span>
                  <div class="stack-trace">org.openqa.selenium.support.ui.UnexpectedTagNameException: Element should have been &quot;select&quot; but was &quot;div&quot;
Build info: version: &apos;4.22.0&apos;, revision: &apos;c5f3146703*&apos;
System info: os.name: &apos;Windows 10&apos;, os.arch: &apos;amd64&apos;, os.version: &apos;10.0&apos;, java.version: &apos;23.0.1&apos;
Driver info: driver.version: unknown
	at org.openqa.selenium.support.ui.Select.&lt;init&gt;(Select.java:46)
	at pageObjectClass.AdminPage.selectStatusForSystemUser(AdminPage.java:107)
	at testBase.Admin_pageTest.SearchSystemstatus(Admin_pageTest.java:50)
	at java.base/java.util.ArrayList.forEach(ArrayList.java:1597)
... Removed 25 stack frames
</div> <!-- stack-trace -->
                </div> <!-- method-content -->
              </div> <!-- method -->
            </div> <!-- main-panel-content rounded-window-bottom -->
          </div> <!-- suite-Suite-class-failed -->
          <div class="suite-Suite-class-passed">
            <div class="main-panel-header rounded-window-top">
              <img src="passed.png"/>
              <span class="class-name">testBase.PIMPageTest</span>
            </div> <!-- main-panel-header rounded-window-top -->
            <div class="main-panel-content rounded-window-bottom">
              <div class="method">
                <div class="method-content">
                  <a name="EmployeeNameOnlyEnter_Save">
                  </a> <!-- EmployeeNameOnlyEnter_Save -->
                  <span class="method-name">EmployeeNameOnlyEnter_Save</span>
                </div> <!-- method-content -->
              </div> <!-- method -->
              <div class="method">
                <div class="method-content">
                  <a name="clickThePIMManu">
                  </a> <!-- clickThePIMManu -->
                  <span class="method-name">clickThePIMManu</span>
                </div> <!-- method-content -->
              </div> <!-- method -->
            </div> <!-- main-panel-content rounded-window-bottom -->
          </div> <!-- suite-Suite-class-passed -->
          <div class="suite-Suite-class-passed">
            <div class="main-panel-header rounded-window-top">
              <img src="passed.png"/>
              <span class="class-name">testBase.My_Info_PageTest</span>
            </div> <!-- main-panel-header rounded-window-top -->
            <div class="main-panel-content rounded-window-bottom">
              <div class="method">
                <div class="method-content">
                  <a name="loginTest001">
                  </a> <!-- loginTest001 -->
                  <span class="method-name">loginTest001</span>
                </div> <!-- method-content -->
              </div> <!-- method -->
              <div class="method">
                <div class="method-content">
                  <a name="testSelectDateOfBirth">
                  </a> <!-- testSelectDateOfBirth -->
                  <span class="method-name">testSelectDateOfBirth</span>
                </div> <!-- method-content -->
              </div> <!-- method -->
              <div class="method">
                <div class="method-content">
                  <a name="testSelectDropdownOption">
                  </a> <!-- testSelectDropdownOption -->
                  <span class="method-name">testSelectDropdownOption</span>
                </div> <!-- method-content -->
              </div> <!-- method -->
            </div> <!-- main-panel-content rounded-window-bottom -->
          </div> <!-- suite-Suite-class-passed -->
          <div class="suite-Suite-class-passed">
            <div class="main-panel-header rounded-window-top">
              <img src="passed.png"/>
              <span class="class-name">testBase.LeavePageTest</span>
            </div> <!-- main-panel-header rounded-window-top -->
            <div class="main-panel-content rounded-window-bottom">
              <div class="method">
                <div class="method-content">
                  <a name="ClickTheLeavemenu">
                  </a> <!-- ClickTheLeavemenu -->
                  <span class="method-name">ClickTheLeavemenu</span>
                </div> <!-- method-content -->
              </div> <!-- method -->
              <div class="method">
                <div class="method-content">
                  <a name="ToDateFieldisEmpty">
                  </a> <!-- ToDateFieldisEmpty -->
                  <span class="method-name">ToDateFieldisEmpty</span>
                </div> <!-- method-content -->
              </div> <!-- method -->
              <div class="method">
                <div class="method-content">
                  <a name="fieldsAreEmpty">
                  </a> <!-- fieldsAreEmpty -->
                  <span class="method-name">fieldsAreEmpty</span>
                </div> <!-- method-content -->
              </div> <!-- method -->
              <div class="method">
                <div class="method-content">
                  <a name="formDateFieldisEmpty">
                  </a> <!-- formDateFieldisEmpty -->
                  <span class="method-name">formDateFieldisEmpty</span>
                </div> <!-- method-content -->
              </div> <!-- method -->
              <div class="method">
                <div class="method-content">
                  <a name="login">
                  </a> <!-- login -->
                  <span class="method-name">login</span>
                </div> <!-- method-content -->
              </div> <!-- method -->
              <div class="method">
                <div class="method-content">
                  <a name="statusFieldisEmpty">
                  </a> <!-- statusFieldisEmpty -->
                  <span class="method-name">statusFieldisEmpty</span>
                </div> <!-- method-content -->
              </div> <!-- method -->
            </div> <!-- main-panel-content rounded-window-bottom -->
          </div> <!-- suite-Suite-class-passed -->
          <div class="suite-Suite-class-passed">
            <div class="main-panel-header rounded-window-top">
              <img src="passed.png"/>
              <span class="class-name">testBase.Admin_pageTest</span>
            </div> <!-- main-panel-header rounded-window-top -->
            <div class="main-panel-content rounded-window-bottom">
              <div class="method">
                <div class="method-content">
                  <a name="Cicktheadduserbutton">
                  </a> <!-- Cicktheadduserbutton -->
                  <span class="method-name">Cicktheadduserbutton</span>
                </div> <!-- method-content -->
              </div> <!-- method -->
              <div class="method">
                <div class="method-content">
                  <a name="SearchSystemUsers">
                  </a> <!-- SearchSystemUsers -->
                  <span class="method-name">SearchSystemUsers</span>
                </div> <!-- method-content -->
              </div> <!-- method -->
              <div class="method">
                <div class="method-content">
                  <a name="SearchSystememployeename">
                  </a> <!-- SearchSystememployeename -->
                  <span class="method-name">SearchSystememployeename</span>
                </div> <!-- method-content -->
              </div> <!-- method -->
              <div class="method">
                <div class="method-content">
                  <a name="loginTest001">
                  </a> <!-- loginTest001 -->
                  <span class="method-name">loginTest001</span>
                </div> <!-- method-content -->
              </div> <!-- method -->
            </div> <!-- main-panel-content rounded-window-bottom -->
          </div> <!-- suite-Suite-class-passed -->
          <div class="suite-Suite-class-passed">
            <div class="main-panel-header rounded-window-top">
              <img src="passed.png"/>
              <span class="class-name">testBase.DashboardPageTest</span>
            </div> <!-- main-panel-header rounded-window-top -->
            <div class="main-panel-content rounded-window-bottom">
              <div class="method">
                <div class="method-content">
                  <a name="ApplyleavepageVerify009">
                  </a> <!-- ApplyleavepageVerify009 -->
                  <span class="method-name">ApplyleavepageVerify009</span>
                </div> <!-- method-content -->
              </div> <!-- method -->
              <div class="method">
                <div class="method-content">
                  <a name="ApplyleavepageVerify08">
                  </a> <!-- ApplyleavepageVerify08 -->
                  <span class="method-name">ApplyleavepageVerify08</span>
                </div> <!-- method-content -->
              </div> <!-- method -->
              <div class="method">
                <div class="method-content">
                  <a name="AssignleavepageVerify005">
                  </a> <!-- AssignleavepageVerify005 -->
                  <span class="method-name">AssignleavepageVerify005</span>
                </div> <!-- method-content -->
              </div> <!-- method -->
              <div class="method">
                <div class="method-content">
                  <a name="BUZpageVerify012">
                  </a> <!-- BUZpageVerify012 -->
                  <span class="method-name">BUZpageVerify012</span>
                </div> <!-- method-content -->
              </div> <!-- method -->
              <div class="method">
                <div class="method-content">
                  <a name="EmplloyeeLeavesettingVerify011">
                  </a> <!-- EmplloyeeLeavesettingVerify011 -->
                  <span class="method-name">EmplloyeeLeavesettingVerify011</span>
                </div> <!-- method-content -->
              </div> <!-- method -->
              <div class="method">
                <div class="method-content">
                  <a name="EmployeeDistributionbySubUnit14">
                  </a> <!-- EmployeeDistributionbySubUnit14 -->
                  <span class="method-name">EmployeeDistributionbySubUnit14</span>
                </div> <!-- method-content -->
              </div> <!-- method -->
              <div class="method">
                <div class="method-content">
                  <a name="PagenameVerify002">
                  </a> <!-- PagenameVerify002 -->
                  <span class="method-name">PagenameVerify002</span>
                </div> <!-- method-content -->
              </div> <!-- method -->
              <div class="method">
                <div class="method-content">
                  <a name="Verifyadminmenubuttonworkin">
                  </a> <!-- Verifyadminmenubuttonworkin -->
                  <span class="method-name">Verifyadminmenubuttonworkin</span>
                </div> <!-- method-content -->
              </div> <!-- method -->
              <div class="method">
                <div class="method-content">
                  <a name="clockpageVerify003">
                  </a> <!-- clockpageVerify003 -->
                  <span class="method-name">clockpageVerify003</span>
                </div> <!-- method-content -->
              </div> <!-- method -->
              <div class="method">
                <div class="method-content">
                  <a name="elementscreenshot_employeeimg_TWBox_Qlbox_MAbox013">
                  </a> <!-- elementscreenshot_employeeimg_TWBox_Qlbox_MAbox013 -->
                  <span class="method-name">elementscreenshot_employeeimg_TWBox_Qlbox_MAbox013</span>
                </div> <!-- method-content -->
              </div> <!-- method -->
              <div class="method">
                <div class="method-content">
                  <a name="leaveListpageVerify006">
                  </a> <!-- leaveListpageVerify006 -->
                  <span class="method-name">leaveListpageVerify006</span>
                </div> <!-- method-content -->
              </div> <!-- method -->
              <div class="method">
                <div class="method-content">
                  <a name="loginTest001">
                  </a> <!-- loginTest001 -->
                  <span class="method-name">loginTest001</span>
                </div> <!-- method-content -->
              </div> <!-- method -->
              <div class="method">
                <div class="method-content">
                  <a name="mytimesheetpageVerify0010">
                  </a> <!-- mytimesheetpageVerify0010 -->
                  <span class="method-name">mytimesheetpageVerify0010</span>
                </div> <!-- method-content -->
              </div> <!-- method -->
              <div class="method">
                <div class="method-content">
                  <a name="performancepageVerify004">
                  </a> <!-- performancepageVerify004 -->
                  <span class="method-name">performancepageVerify004</span>
                </div> <!-- method-content -->
              </div> <!-- method -->
              <div class="method">
                <div class="method-content">
                  <a name="timesheetpageVerify007">
                  </a> <!-- timesheetpageVerify007 -->
                  <span class="method-name">timesheetpageVerify007</span>
                </div> <!-- method-content -->
              </div> <!-- method -->
            </div> <!-- main-panel-content rounded-window-bottom -->
          </div> <!-- suite-Suite-class-passed -->
          <div class="suite-Suite-class-passed">
            <div class="main-panel-header rounded-window-top">
              <img src="passed.png"/>
              <span class="class-name">testBase.Login_Page_test</span>
            </div> <!-- main-panel-header rounded-window-top -->
            <div class="main-panel-content rounded-window-bottom">
              <div class="method">
                <div class="method-content">
                  <a name="CredentialUserNameAndPassword">
                  </a> <!-- CredentialUserNameAndPassword -->
                  <span class="method-name">CredentialUserNameAndPassword</span>
                </div> <!-- method-content -->
              </div> <!-- method -->
              <div class="method">
                <div class="method-content">
                  <a name="forgetpasscancelTest008">
                  </a> <!-- forgetpasscancelTest008 -->
                  <span class="method-name">forgetpasscancelTest008</span>
                </div> <!-- method-content -->
              </div> <!-- method -->
              <div class="method">
                <div class="method-content">
                  <a name="forgetpasssentest009">
                  </a> <!-- forgetpasssentest009 -->
                  <span class="method-name">forgetpasssentest009</span>
                </div> <!-- method-content -->
              </div> <!-- method -->
              <div class="method">
                <div class="method-content">
                  <a name="forgetpasstest007">
                  </a> <!-- forgetpasstest007 -->
                  <span class="method-name">forgetpasstest007</span>
                </div> <!-- method-content -->
              </div> <!-- method -->
              <div class="method">
                <div class="method-content">
                  <a name="loginTest001">
                  </a> <!-- loginTest001 -->
                  <span class="method-name">loginTest001</span>
                </div> <!-- method-content -->
              </div> <!-- method -->
              <div class="method">
                <div class="method-content">
                  <a name="loginTest002">
                  </a> <!-- loginTest002 -->
                  <span class="method-name">loginTest002</span>
                </div> <!-- method-content -->
              </div> <!-- method -->
              <div class="method">
                <div class="method-content">
                  <a name="loginTest003">
                  </a> <!-- loginTest003 -->
                  <span class="method-name">loginTest003</span>
                </div> <!-- method-content -->
              </div> <!-- method -->
              <div class="method">
                <div class="method-content">
                  <a name="loginTest1004">
                  </a> <!-- loginTest1004 -->
                  <span class="method-name">loginTest1004</span>
                </div> <!-- method-content -->
              </div> <!-- method -->
              <div class="method">
                <div class="method-content">
                  <a name="logoTest005">
                  </a> <!-- logoTest005 -->
                  <span class="method-name">logoTest005</span>
                </div> <!-- method-content -->
              </div> <!-- method -->
            </div> <!-- main-panel-content rounded-window-bottom -->
          </div> <!-- suite-Suite-class-passed -->
        </div> <!-- panel Suite -->
        <div panel-name="test-xml-Suite" class="panel">
          <div class="main-panel-header rounded-window-top">
            <span class="header-content">C:\my Project\ORANGEHRM-main\testng.xml</span>
          </div> <!-- main-panel-header rounded-window-top -->
          <div class="main-panel-content rounded-window-bottom">
            <pre>
&lt;?xml version=&quot;1.0&quot; encoding=&quot;UTF-8&quot;?&gt;
&lt;!DOCTYPE suite SYSTEM &quot;https://testng.org/testng-1.0.dtd&quot;&gt;
&lt;suite name=&quot;Suite&quot; guice-stage=&quot;DEVELOPMENT&quot;&gt;
  &lt;listeners&gt;
    &lt;listener class-name=&quot;utility.ExtentReportManager&quot;/&gt;
  &lt;/listeners&gt;
  &lt;test thread-count=&quot;5&quot; name=&quot;Test&quot;&gt;
    &lt;classes&gt;
      &lt;class name=&quot;testBase.Admin_pageTest&quot;/&gt;
      &lt;class name=&quot;testBase.DashboardPageTest&quot;/&gt;
      &lt;class name=&quot;testBase.My_Info_PageTest&quot;/&gt;
      &lt;class name=&quot;testBase.Login_Page_test&quot;/&gt;
      &lt;class name=&quot;testBase.LeavePageTest&quot;/&gt;
      &lt;class name=&quot;testBase.PIMPageTest&quot;/&gt;
    &lt;/classes&gt;
  &lt;/test&gt; &lt;!-- Test --&gt;
&lt;/suite&gt; &lt;!-- Suite --&gt;
            </pre>
          </div> <!-- main-panel-content rounded-window-bottom -->
        </div> <!-- panel -->
        <div panel-name="testlist-Suite" class="panel">
          <div class="main-panel-header rounded-window-top">
            <span class="header-content">Tests for Suite</span>
          </div> <!-- main-panel-header rounded-window-top -->
          <div class="main-panel-content rounded-window-bottom">
            <ul>
              <li>
                <span class="test-name">Test (6 classes)</span>
              </li>
            </ul>
          </div> <!-- main-panel-content rounded-window-bottom -->
        </div> <!-- panel -->
        <div panel-name="group-Suite" class="panel">
          <div class="main-panel-header rounded-window-top">
            <span class="header-content">Groups for Suite</span>
          </div> <!-- main-panel-header rounded-window-top -->
          <div class="main-panel-content rounded-window-bottom">
          </div> <!-- main-panel-content rounded-window-bottom -->
        </div> <!-- panel -->
        <div panel-name="times-Suite" class="panel">
          <div class="main-panel-header rounded-window-top">
            <span class="header-content">Times for Suite</span>
          </div> <!-- main-panel-header rounded-window-top -->
          <div class="main-panel-content rounded-window-bottom">
            <div class="times-div">
              <script type="text/javascript">
suiteTableInitFunctions.push('tableData_Suite');
function tableData_Suite() {
var data = new google.visualization.DataTable();
data.addColumn('number', 'Number');
data.addColumn('string', 'Method');
data.addColumn('string', 'Class');
data.addColumn('number', 'Time (ms)');
data.addRows(62);
data.setCell(0, 0, 0)
data.setCell(0, 1, 'Add_Employee_Disable_Satus')
data.setCell(0, 2, 'testBase.PIMPageTest')
data.setCell(0, 3, 26030);
data.setCell(1, 0, 1)
data.setCell(1, 1, 'Add_Employee_cancel')
data.setCell(1, 2, 'testBase.PIMPageTest')
data.setCell(1, 3, 24026);
data.setCell(2, 0, 2)
data.setCell(2, 1, 'EmployeeConformPassword')
data.setCell(2, 2, 'testBase.PIMPageTest')
data.setCell(2, 3, 22952);
data.setCell(3, 0, 3)
data.setCell(3, 1, 'EmployeeEnterPassword')
data.setCell(3, 2, 'testBase.PIMPageTest')
data.setCell(3, 3, 22655);
data.setCell(4, 0, 4)
data.setCell(4, 1, 'EmployeeUserNameIsEmpty')
data.setCell(4, 2, 'testBase.PIMPageTest')
data.setCell(4, 3, 21967);
data.setCell(5, 0, 5)
data.setCell(5, 1, 'Add_Employee')
data.setCell(5, 2, 'testBase.PIMPageTest')
data.setCell(5, 3, 20624);
data.setCell(6, 0, 6)
data.setCell(6, 1, 'testSetBloodGroup')
data.setCell(6, 2, 'testBase.My_Info_PageTest')
data.setCell(6, 3, 20344);
data.setCell(7, 0, 7)
data.setCell(7, 1, 'Empty_Employee_Save')
data.setCell(7, 2, 'testBase.PIMPageTest')
data.setCell(7, 3, 20059);
data.setCell(8, 0, 8)
data.setCell(8, 1, 'AddNewUser')
data.setCell(8, 2, 'testBase.Admin_pageTest')
data.setCell(8, 3, 20043);
data.setCell(9, 0, 9)
data.setCell(9, 1, 'loginTest001')
data.setCell(9, 2, 'testBase.DashboardPageTest')
data.setCell(9, 3, 7042);
data.setCell(10, 0, 10)
data.setCell(10, 1, 'loginTest001')
data.setCell(10, 2, 'testBase.My_Info_PageTest')
data.setCell(10, 3, 6864);
data.setCell(11, 0, 11)
data.setCell(11, 1, 'SameEmployeeID')
data.setCell(11, 2, 'testBase.PIMPageTest')
data.setCell(11, 3, 6780);
data.setCell(12, 0, 12)
data.setCell(12, 1, 'loginTest001')
data.setCell(12, 2, 'testBase.Admin_pageTest')
data.setCell(12, 3, 5562);
data.setCell(13, 0, 13)
data.setCell(13, 1, 'EmployeeNameOnlyEnter_Save')
data.setCell(13, 2, 'testBase.PIMPageTest')
data.setCell(13, 3, 5429);
data.setCell(14, 0, 14)
data.setCell(14, 1, 'clickEmployeeListTheAddButton')
data.setCell(14, 2, 'testBase.PIMPageTest')
data.setCell(14, 3, 3602);
data.setCell(15, 0, 15)
data.setCell(15, 1, 'loginTest001')
data.setCell(15, 2, 'testBase.Login_Page_test')
data.setCell(15, 3, 3083);
data.setCell(16, 0, 16)
data.setCell(16, 1, 'EnterTheLeaveList')
data.setCell(16, 2, 'testBase.LeavePageTest')
data.setCell(16, 3, 2933);
data.setCell(17, 0, 17)
data.setCell(17, 1, 'clickThePIMManu')
data.setCell(17, 2, 'testBase.PIMPageTest')
data.setCell(17, 3, 2869);
data.setCell(18, 0, 18)
data.setCell(18, 1, 'forgetpasssentest009')
data.setCell(18, 2, 'testBase.Login_Page_test')
data.setCell(18, 3, 2834);
data.setCell(19, 0, 19)
data.setCell(19, 1, 'userlogin')
data.setCell(19, 2, 'testBase.PIMPageTest')
data.setCell(19, 3, 2517);
data.setCell(20, 0, 20)
data.setCell(20, 1, 'login')
data.setCell(20, 2, 'testBase.LeavePageTest')
data.setCell(20, 3, 2514);
data.setCell(21, 0, 21)
data.setCell(21, 1, 'SearchSystememployeename')
data.setCell(21, 2, 'testBase.Admin_pageTest')
data.setCell(21, 3, 2333);
data.setCell(22, 0, 22)
data.setCell(22, 1, 'EmplloyeeLeavesettingVerify011')
data.setCell(22, 2, 'testBase.DashboardPageTest')
data.setCell(22, 3, 2313);
data.setCell(23, 0, 23)
data.setCell(23, 1, 'loginTest1004')
data.setCell(23, 2, 'testBase.Login_Page_test')
data.setCell(23, 3, 2254);
data.setCell(24, 0, 24)
data.setCell(24, 1, 'EmployeeusernameI_Save')
data.setCell(24, 2, 'testBase.PIMPageTest')
data.setCell(24, 3, 2129);
data.setCell(25, 0, 25)
data.setCell(25, 1, 'ClickTheLeavemenu')
data.setCell(25, 2, 'testBase.LeavePageTest')
data.setCell(25, 3, 2092);
data.setCell(26, 0, 26)
data.setCell(26, 1, 'clickTheResetbutton')
data.setCell(26, 2, 'testBase.LeavePageTest')
data.setCell(26, 3, 1947);
data.setCell(27, 0, 27)
data.setCell(27, 1, 'EmployeeNamelastEnter_Save')
data.setCell(27, 2, 'testBase.PIMPageTest')
data.setCell(27, 3, 1915);
data.setCell(28, 0, 28)
data.setCell(28, 1, 'CredentialUserNameAndPassword')
data.setCell(28, 2, 'testBase.Login_Page_test')
data.setCell(28, 3, 1756);
data.setCell(29, 0, 29)
data.setCell(29, 1, 'clockpageVerify003')
data.setCell(29, 2, 'testBase.DashboardPageTest')
data.setCell(29, 3, 1718);
data.setCell(30, 0, 30)
data.setCell(30, 1, 'loginTest002')
data.setCell(30, 2, 'testBase.Login_Page_test')
data.setCell(30, 3, 1710);
data.setCell(31, 0, 31)
data.setCell(31, 1, 'elementscreenshot_employeeimg_TWBox_Qlbox_MAbox013')
data.setCell(31, 2, 'testBase.DashboardPageTest')
data.setCell(31, 3, 1596);
data.setCell(32, 0, 32)
data.setCell(32, 1, 'Verifyadminmenubuttonworkin')
data.setCell(32, 2, 'testBase.DashboardPageTest')
data.setCell(32, 3, 1552);
data.setCell(33, 0, 33)
data.setCell(33, 1, 'testEnterFirstName')
data.setCell(33, 2, 'testBase.My_Info_PageTest')
data.setCell(33, 3, 1406);
data.setCell(34, 0, 34)
data.setCell(34, 1, 'statusFieldisEmpty')
data.setCell(34, 2, 'testBase.LeavePageTest')
data.setCell(34, 3, 1401);
data.setCell(35, 0, 35)
data.setCell(35, 1, 'fieldsAreEmpty')
data.setCell(35, 2, 'testBase.LeavePageTest')
data.setCell(35, 3, 1255);
data.setCell(36, 0, 36)
data.setCell(36, 1, 'SearchSystemUsers')
data.setCell(36, 2, 'testBase.Admin_pageTest')
data.setCell(36, 3, 1237);
data.setCell(37, 0, 37)
data.setCell(37, 1, 'BUZpageVerify012')
data.setCell(37, 2, 'testBase.DashboardPageTest')
data.setCell(37, 3, 1193);
data.setCell(38, 0, 38)
data.setCell(38, 1, 'performancepageVerify004')
data.setCell(38, 2, 'testBase.DashboardPageTest')
data.setCell(38, 3, 1176);
data.setCell(39, 0, 39)
data.setCell(39, 1, 'Cicktheadduserbutton')
data.setCell(39, 2, 'testBase.Admin_pageTest')
data.setCell(39, 3, 1146);
data.setCell(40, 0, 40)
data.setCell(40, 1, 'loginTest003')
data.setCell(40, 2, 'testBase.Login_Page_test')
data.setCell(40, 3, 1082);
data.setCell(41, 0, 41)
data.setCell(41, 1, 'ApplyleavepageVerify08')
data.setCell(41, 2, 'testBase.DashboardPageTest')
data.setCell(41, 3, 1069);
data.setCell(42, 0, 42)
data.setCell(42, 1, 'ToDateFieldisEmpty')
data.setCell(42, 2, 'testBase.LeavePageTest')
data.setCell(42, 3, 1031);
data.setCell(43, 0, 43)
data.setCell(43, 1, 'forgetpasscancelTest008')
data.setCell(43, 2, 'testBase.Login_Page_test')
data.setCell(43, 3, 999);
data.setCell(44, 0, 44)
data.setCell(44, 1, 'EmployeeDistributionbySubUnit14')
data.setCell(44, 2, 'testBase.DashboardPageTest')
data.setCell(44, 3, 989);
data.setCell(45, 0, 45)
data.setCell(45, 1, 'ApplyleavepageVerify009')
data.setCell(45, 2, 'testBase.DashboardPageTest')
data.setCell(45, 3, 978);
data.setCell(46, 0, 46)
data.setCell(46, 1, 'mytimesheetpageVerify0010')
data.setCell(46, 2, 'testBase.DashboardPageTest')
data.setCell(46, 3, 971);
data.setCell(47, 0, 47)
data.setCell(47, 1, 'leaveListpageVerify006')
data.setCell(47, 2, 'testBase.DashboardPageTest')
data.setCell(47, 3, 913);
data.setCell(48, 0, 48)
data.setCell(48, 1, 'AssignleavepageVerify005')
data.setCell(48, 2, 'testBase.DashboardPageTest')
data.setCell(48, 3, 856);
data.setCell(49, 0, 49)
data.setCell(49, 1, 'timesheetpageVerify007')
data.setCell(49, 2, 'testBase.DashboardPageTest')
data.setCell(49, 3, 796);
data.setCell(50, 0, 50)
data.setCell(50, 1, 'testSelectDateOfBirth')
data.setCell(50, 2, 'testBase.My_Info_PageTest')
data.setCell(50, 3, 795);
data.setCell(51, 0, 51)
data.setCell(51, 1, 'forgetpasstest007')
data.setCell(51, 2, 'testBase.Login_Page_test')
data.setCell(51, 3, 747);
data.setCell(52, 0, 52)
data.setCell(52, 1, 'PagenameVerify002')
data.setCell(52, 2, 'testBase.DashboardPageTest')
data.setCell(52, 3, 696);
data.setCell(53, 0, 53)
data.setCell(53, 1, 'logoTest005')
data.setCell(53, 2, 'testBase.Login_Page_test')
data.setCell(53, 3, 666);
data.setCell(54, 0, 54)
data.setCell(54, 1, 'formDateFieldisEmpty')
data.setCell(54, 2, 'testBase.LeavePageTest')
data.setCell(54, 3, 544);
data.setCell(55, 0, 55)
data.setCell(55, 1, 'testSelectDropdownOption')
data.setCell(55, 2, 'testBase.My_Info_PageTest')
data.setCell(55, 3, 496);
data.setCell(56, 0, 56)
data.setCell(56, 1, 'testEnterMiddleName')
data.setCell(56, 2, 'testBase.My_Info_PageTest')
data.setCell(56, 3, 284);
data.setCell(57, 0, 57)
data.setCell(57, 1, 'testClickButton')
data.setCell(57, 2, 'testBase.My_Info_PageTest')
data.setCell(57, 3, 272);
data.setCell(58, 0, 58)
data.setCell(58, 1, 'testEnterLastName')
data.setCell(58, 2, 'testBase.My_Info_PageTest')
data.setCell(58, 3, 256);
data.setCell(59, 0, 59)
data.setCell(59, 1, 'SearchSystemstatus')
data.setCell(59, 2, 'testBase.Admin_pageTest')
data.setCell(59, 3, 213);
data.setCell(60, 0, 60)
data.setCell(60, 1, 'testSubmitForm')
data.setCell(60, 2, 'testBase.My_Info_PageTest')
data.setCell(60, 3, 179);
data.setCell(61, 0, 61)
data.setCell(61, 1, 'SearchSystemrole')
data.setCell(61, 2, 'testBase.Admin_pageTest')
data.setCell(61, 3, 81);
window.suiteTableData['Suite']= { tableData: data, tableDiv: 'times-div-Suite'}
return data;
}
              </script>
              <span class="suite-total-time">Total running time: 4 minutes</span>
              <div id="times-div-Suite">
              </div> <!-- times-div-Suite -->
            </div> <!-- times-div -->
          </div> <!-- main-panel-content rounded-window-bottom -->
        </div> <!-- panel -->
        <div panel-name="reporter-Suite" class="panel">
          <div class="main-panel-header rounded-window-top">
            <span class="header-content">Reporter output for Suite</span>
          </div> <!-- main-panel-header rounded-window-top -->
          <div class="main-panel-content rounded-window-bottom">
          </div> <!-- main-panel-content rounded-window-bottom -->
        </div> <!-- panel -->
        <div panel-name="ignored-methods-Suite" class="panel">
          <div class="main-panel-header rounded-window-top">
            <span class="header-content">1 ignored method</span>
          </div> <!-- main-panel-header rounded-window-top -->
          <div class="main-panel-content rounded-window-bottom">
            <div class="ignored-class-div">
              <span class="ignored-class-name">testBase.Login_Page_test</span>
              <div class="ignored-methods-div">
                <span class="ignored-method-name">loginTest010</span>
                <br/>
              </div> <!-- ignored-methods-div -->
            </div> <!-- ignored-class-div -->
          </div> <!-- main-panel-content rounded-window-bottom -->
        </div> <!-- panel -->
        <div panel-name="chronological-Suite" class="panel">
          <div class="main-panel-header rounded-window-top">
            <span class="header-content">Methods in chronological order</span>
          </div> <!-- main-panel-header rounded-window-top -->
          <div class="main-panel-content rounded-window-bottom">
            <div class="chronological-class">
              <div class="chronological-class-name">testBase.Admin_pageTest</div> <!-- chronological-class-name -->
              <div class="configuration-class before">
                <span class="method-name">openTheBrowser</span>
                <span class="method-start">0 ms</span>
              </div> <!-- configuration-class before -->
              <div class="test-method">
                <span class="method-name">loginTest001</span>
                <span class="method-start">9011 ms</span>
              </div> <!-- test-method -->
              <div class="test-method">
                <span class="method-name">SearchSystemUsers</span>
                <span class="method-start">14631 ms</span>
              </div> <!-- test-method -->
              <div class="test-method">
                <img src="failed.png">
                </img>
                <span class="method-name">SearchSystemrole</span>
                <span class="method-start">15875 ms</span>
              </div> <!-- test-method -->
              <div class="test-method">
                <img src="failed.png">
                </img>
                <span class="method-name">SearchSystemstatus</span>
                <span class="method-start">16327 ms</span>
              </div> <!-- test-method -->
              <div class="test-method">
                <span class="method-name">Cicktheadduserbutton</span>
                <span class="method-start">16768 ms</span>
              </div> <!-- test-method -->
              <div class="test-method">
                <img src="failed.png">
                </img>
                <span class="method-name">AddNewUser</span>
                <span class="method-start">17929 ms</span>
              </div> <!-- test-method -->
              <div class="test-method">
                <span class="method-name">SearchSystememployeename</span>
                <span class="method-start">38664 ms</span>
              </div> <!-- test-method -->
            </div> <!-- chronological-class -->
            <div class="chronological-class">
              <div class="chronological-class-name">testBase.DashboardPageTest</div> <!-- chronological-class-name -->
              <div class="configuration-class before">
                <span class="method-name">openTheBrowser</span>
                <span class="method-start">41005 ms</span>
              </div> <!-- configuration-class before -->
              <div class="test-method">
                <span class="method-name">loginTest001</span>
                <span class="method-start">73766 ms</span>
              </div> <!-- test-method -->
              <div class="test-method">
                <span class="method-name">PagenameVerify002</span>
                <span class="method-start">80815 ms</span>
              </div> <!-- test-method -->
              <div class="test-method">
                <span class="method-name">clockpageVerify003</span>
                <span class="method-start">81526 ms</span>
              </div> <!-- test-method -->
              <div class="test-method">
                <span class="method-name">performancepageVerify004</span>
                <span class="method-start">83250 ms</span>
              </div> <!-- test-method -->
              <div class="test-method">
                <span class="method-name">AssignleavepageVerify005</span>
                <span class="method-start">84457 ms</span>
              </div> <!-- test-method -->
              <div class="test-method">
                <span class="method-name">leaveListpageVerify006</span>
                <span class="method-start">85325 ms</span>
              </div> <!-- test-method -->
              <div class="test-method">
                <span class="method-name">timesheetpageVerify007</span>
                <span class="method-start">86248 ms</span>
              </div> <!-- test-method -->
              <div class="test-method">
                <span class="method-name">ApplyleavepageVerify08</span>
                <span class="method-start">87059 ms</span>
              </div> <!-- test-method -->
              <div class="test-method">
                <span class="method-name">ApplyleavepageVerify009</span>
                <span class="method-start">88142 ms</span>
              </div> <!-- test-method -->
              <div class="test-method">
                <span class="method-name">mytimesheetpageVerify0010</span>
                <span class="method-start">89133 ms</span>
              </div> <!-- test-method -->
              <div class="test-method">
                <span class="method-name">EmplloyeeLeavesettingVerify011</span>
                <span class="method-start">90114 ms</span>
              </div> <!-- test-method -->
              <div class="test-method">
                <span class="method-name">BUZpageVerify012</span>
                <span class="method-start">92431 ms</span>
              </div> <!-- test-method -->
              <div class="test-method">
                <span class="method-name">elementscreenshot_employeeimg_TWBox_Qlbox_MAbox013</span>
                <span class="method-start">93638 ms</span>
              </div> <!-- test-method -->
              <div class="test-method">
                <span class="method-name">EmployeeDistributionbySubUnit14</span>
                <span class="method-start">95242 ms</span>
              </div> <!-- test-method -->
              <div class="test-method">
                <span class="method-name">Verifyadminmenubuttonworkin</span>
                <span class="method-start">96245 ms</span>
              </div> <!-- test-method -->
            </div> <!-- chronological-class -->
            <div class="chronological-class">
              <div class="chronological-class-name">testBase.My_Info_PageTest</div> <!-- chronological-class-name -->
              <div class="configuration-class before">
                <span class="method-name">openTheBrowser</span>
                <span class="method-start">97807 ms</span>
              </div> <!-- configuration-class before -->
              <div class="test-method">
                <span class="method-name">loginTest001</span>
                <span class="method-start">114488 ms</span>
              </div> <!-- test-method -->
              <div class="test-method">
                <img src="failed.png">
                </img>
                <span class="method-name">testEnterFirstName</span>
                <span class="method-start">121357 ms</span>
              </div> <!-- test-method -->
              <div class="test-method">
                <img src="failed.png">
                </img>
                <span class="method-name">testEnterMiddleName</span>
                <span class="method-start">123052 ms</span>
              </div> <!-- test-method -->
              <div class="test-method">
                <img src="failed.png">
                </img>
                <span class="method-name">testEnterLastName</span>
                <span class="method-start">123566 ms</span>
              </div> <!-- test-method -->
              <div class="test-method">
                <span class="method-name">testSelectDateOfBirth</span>
                <span class="method-start">124073 ms</span>
              </div> <!-- test-method -->
              <div class="test-method">
                <span class="method-name">testSelectDropdownOption</span>
                <span class="method-start">124874 ms</span>
              </div> <!-- test-method -->
              <div class="test-method">
                <img src="failed.png">
                </img>
                <span class="method-name">testClickButton</span>
                <span class="method-start">125375 ms</span>
              </div> <!-- test-method -->
              <div class="test-method">
                <img src="failed.png">
                </img>
                <span class="method-name">testSetBloodGroup</span>
                <span class="method-start">125905 ms</span>
              </div> <!-- test-method -->
              <div class="test-method">
                <img src="failed.png">
                </img>
                <span class="method-name">testSubmitForm</span>
                <span class="method-start">146458 ms</span>
              </div> <!-- test-method -->
            </div> <!-- chronological-class -->
            <div class="chronological-class">
              <div class="chronological-class-name">testBase.Login_Page_test</div> <!-- chronological-class-name -->
              <div class="configuration-class before">
                <span class="method-name">openTheBrowser</span>
                <span class="method-start">146910 ms</span>
              </div> <!-- configuration-class before -->
              <div class="test-method">
                <span class="method-name">loginTest001</span>
                <span class="method-start">157833 ms</span>
              </div> <!-- test-method -->
              <div class="test-method">
                <span class="method-name">loginTest002</span>
                <span class="method-start">160929 ms</span>
              </div> <!-- test-method -->
              <div class="test-method">
                <span class="method-name">loginTest003</span>
                <span class="method-start">162643 ms</span>
              </div> <!-- test-method -->
              <div class="test-method">
                <span class="method-name">loginTest1004</span>
                <span class="method-start">163739 ms</span>
              </div> <!-- test-method -->
              <div class="test-method">
                <span class="method-name">logoTest005</span>
                <span class="method-start">165998 ms</span>
              </div> <!-- test-method -->
              <div class="test-method">
                <span class="method-name">forgetpasstest007</span>
                <span class="method-start">166671 ms</span>
              </div> <!-- test-method -->
              <div class="test-method">
                <span class="method-name">forgetpasscancelTest008</span>
                <span class="method-start">167425 ms</span>
              </div> <!-- test-method -->
              <div class="test-method">
                <span class="method-name">forgetpasssentest009</span>
                <span class="method-start">168427 ms</span>
              </div> <!-- test-method -->
              <div class="test-method">
                <span class="method-name">CredentialUserNameAndPassword</span>
                <span class="method-start">171274 ms</span>
              </div> <!-- test-method -->
            </div> <!-- chronological-class -->
            <div class="chronological-class">
              <div class="chronological-class-name">testBase.LeavePageTest</div> <!-- chronological-class-name -->
              <div class="configuration-class before">
                <span class="method-name">openTheBrowser</span>
                <span class="method-start">173037 ms</span>
              </div> <!-- configuration-class before -->
              <div class="test-method">
                <span class="method-name">login</span>
                <span class="method-start">180313 ms</span>
              </div> <!-- test-method -->
              <div class="test-method">
                <span class="method-name">ClickTheLeavemenu</span>
                <span class="method-start">182845 ms</span>
              </div> <!-- test-method -->
              <div class="test-method">
                <img src="failed.png">
                </img>
                <span class="method-name">EnterTheLeaveList</span>
                <span class="method-start">184958 ms</span>
              </div> <!-- test-method -->
              <div class="test-method">
                <img src="failed.png">
                </img>
                <span class="method-name">clickTheResetbutton</span>
                <span class="method-start">188100 ms</span>
              </div> <!-- test-method -->
              <div class="test-method">
                <span class="method-name">formDateFieldisEmpty</span>
                <span class="method-start">190263 ms</span>
              </div> <!-- test-method -->
              <div class="test-method">
                <span class="method-name">ToDateFieldisEmpty</span>
                <span class="method-start">190813 ms</span>
              </div> <!-- test-method -->
              <div class="test-method">
                <span class="method-name">statusFieldisEmpty</span>
                <span class="method-start">191858 ms</span>
              </div> <!-- test-method -->
              <div class="test-method">
                <span class="method-name">fieldsAreEmpty</span>
                <span class="method-start">193268 ms</span>
              </div> <!-- test-method -->
            </div> <!-- chronological-class -->
            <div class="chronological-class">
              <div class="chronological-class-name">testBase.PIMPageTest</div> <!-- chronological-class-name -->
              <div class="configuration-class before">
                <span class="method-name">openTheBrowser</span>
                <span class="method-start">194527 ms</span>
              </div> <!-- configuration-class before -->
              <div class="test-method">
                <img src="failed.png">
                </img>
                <span class="method-name">userlogin</span>
                <span class="method-start">202038 ms</span>
              </div> <!-- test-method -->
              <div class="test-method">
                <span class="method-name">clickThePIMManu</span>
                <span class="method-start">206602 ms</span>
              </div> <!-- test-method -->
              <div class="test-method">
                <img src="failed.png">
                </img>
                <span class="method-name">clickEmployeeListTheAddButton</span>
                <span class="method-start">209476 ms</span>
              </div> <!-- test-method -->
              <div class="test-method">
                <img src="failed.png">
                </img>
                <span class="method-name">Add_Employee</span>
                <span class="method-start">213254 ms</span>
              </div> <!-- test-method -->
              <div class="test-method">
                <img src="failed.png">
                </img>
                <span class="method-name">Add_Employee_Disable_Satus</span>
                <span class="method-start">234081 ms</span>
              </div> <!-- test-method -->
              <div class="test-method">
                <img src="failed.png">
                </img>
                <span class="method-name">Add_Employee_cancel</span>
                <span class="method-start">260343 ms</span>
              </div> <!-- test-method -->
              <div class="test-method">
                <img src="failed.png">
                </img>
                <span class="method-name">Empty_Employee_Save</span>
                <span class="method-start">284589 ms</span>
              </div> <!-- test-method -->
              <div class="test-method">
                <span class="method-name">EmployeeNameOnlyEnter_Save</span>
                <span class="method-start">304855 ms</span>
              </div> <!-- test-method -->
              <div class="test-method">
                <img src="failed.png">
                </img>
                <span class="method-name">EmployeeNamelastEnter_Save</span>
                <span class="method-start">310286 ms</span>
              </div> <!-- test-method -->
              <div class="test-method">
                <img src="failed.png">
                </img>
                <span class="method-name">EmployeeusernameI_Save</span>
                <span class="method-start">312428 ms</span>
              </div> <!-- test-method -->
              <div class="test-method">
                <img src="failed.png">
                </img>
                <span class="method-name">EmployeeUserNameIsEmpty</span>
                <span class="method-start">314766 ms</span>
              </div> <!-- test-method -->
              <div class="test-method">
                <img src="failed.png">
                </img>
                <span class="method-name">EmployeeEnterPassword</span>
                <span class="method-start">336933 ms</span>
              </div> <!-- test-method -->
              <div class="test-method">
                <img src="failed.png">
                </img>
                <span class="method-name">EmployeeConformPassword</span>
                <span class="method-start">359820 ms</span>
              </div> <!-- test-method -->
              <div class="test-method">
                <img src="failed.png">
                </img>
                <span class="method-name">SameEmployeeID</span>
                <span class="method-start">382978 ms</span>
              </div> <!-- test-method -->
          </div> <!-- main-panel-content rounded-window-bottom -->
        </div> <!-- panel -->
      </div> <!-- main-panel-root -->
    </div> <!-- wrapper -->
  </body>
<script type="text/javascript" src="testng-reports2.js"></script>
</html>
