<?xml version="1.0" encoding="UTF-8"?>
<!-- Generated by org.testng.reporters.JUnitReportReporter -->
<testsuite hostname="DESKTOP-0UE9EKQ" failures="0" tests="60" name="testBase.Login_Page_test" time="102.406" errors="1" timestamp="2025-04-09T16:08:44 IST" skipped="0">
  <testcase classname="testBase.Login_Page_test" name="loginTest001" time="1.956"/>
  <testcase classname="testBase.Login_Page_test" name="loginTest002" time="3.695"/>
  <testcase classname="testBase.Login_Page_test" name="loginTest003" time="1.251"/>
  <testcase classname="testBase.Login_Page_test" name="loginTest1004" time="2.576"/>
  <testcase classname="testBase.Login_Page_test" name="logoTest005" time="0.663"/>
  <testcase classname="testBase.Login_Page_test" name="forgetpasstest007" time="0.850"/>
  <testcase classname="testBase.Login_Page_test" name="forgetpasscancelTest008" time="1.168"/>
  <testcase classname="testBase.Login_Page_test" name="forgetpasssentest009" time="2.821"/>
  <testcase classname="testBase.Login_Page_test" name="loginTest010" time="1.677"/>
  <testcase classname="testBase.Login_Page_test" name="loginTest010" time="1.715"/>
  <testcase classname="testBase.Login_Page_test" name="loginTest010" time="1.866"/>
  <testcase classname="testBase.Login_Page_test" name="loginTest010" time="1.635"/>
  <testcase classname="testBase.Login_Page_test" name="loginTest010" time="1.689"/>
  <testcase classname="testBase.Login_Page_test" name="loginTest010" time="1.674"/>
  <testcase classname="testBase.Login_Page_test" name="loginTest010" time="1.544"/>
  <testcase classname="testBase.Login_Page_test" name="loginTest010" time="1.581"/>
  <testcase classname="testBase.Login_Page_test" name="loginTest010" time="1.593"/>
  <testcase classname="testBase.Login_Page_test" name="loginTest010" time="1.706"/>
  <testcase classname="testBase.Login_Page_test" name="loginTest010" time="1.597"/>
  <testcase classname="testBase.Login_Page_test" name="loginTest010" time="1.684"/>
  <testcase classname="testBase.Login_Page_test" name="loginTest010" time="1.634"/>
  <testcase classname="testBase.Login_Page_test" name="loginTest010" time="1.655"/>
  <testcase classname="testBase.Login_Page_test" name="loginTest010" time="1.675"/>
  <testcase classname="testBase.Login_Page_test" name="loginTest010" time="1.614"/>
  <testcase classname="testBase.Login_Page_test" name="loginTest010" time="1.615"/>
  <testcase classname="testBase.Login_Page_test" name="loginTest010" time="1.588"/>
  <testcase classname="testBase.Login_Page_test" name="loginTest010" time="1.984"/>
  <testcase classname="testBase.Login_Page_test" name="loginTest010" time="1.611"/>
  <testcase classname="testBase.Login_Page_test" name="loginTest010" time="2.156"/>
  <testcase classname="testBase.Login_Page_test" name="loginTest010" time="1.659"/>
  <testcase classname="testBase.Login_Page_test" name="loginTest010" time="1.596"/>
  <testcase classname="testBase.Login_Page_test" name="loginTest010" time="1.711"/>
  <testcase classname="testBase.Login_Page_test" name="loginTest010" time="0.834"/>
  <testcase classname="testBase.Login_Page_test" name="loginTest010" time="1.843"/>
  <testcase classname="testBase.Login_Page_test" name="loginTest010" time="2.533"/>
  <testcase classname="testBase.Login_Page_test" name="loginTest010" time="1.707"/>
  <testcase classname="testBase.Login_Page_test" name="loginTest010" time="1.649"/>
  <testcase classname="testBase.Login_Page_test" name="loginTest010" time="1.681"/>
  <testcase classname="testBase.Login_Page_test" name="loginTest010" time="1.862"/>
  <testcase classname="testBase.Login_Page_test" name="loginTest010" time="1.856"/>
  <testcase classname="testBase.Login_Page_test" name="loginTest010" time="2.898"/>
  <testcase classname="testBase.Login_Page_test" name="loginTest010" time="0.968"/>
  <testcase classname="testBase.Login_Page_test" name="loginTest010" time="1.610"/>
  <testcase classname="testBase.Login_Page_test" name="loginTest010" time="2.482"/>
  <testcase classname="testBase.Login_Page_test" name="loginTest010" time="0.915">
    <error message="stale element reference: stale element not found
  (Session info: chrome=135.0.7049.42)
For documentation on this error, please visit: https://www.selenium.dev/documentation/webdriver/troubleshooting/errors#stale-element-reference-exception
Build info: version: &#039;4.22.0&#039;, revision: &#039;c5f3146703*&#039;
System info: os.name: &#039;Windows 10&#039;, os.arch: &#039;amd64&#039;, os.version: &#039;10.0&#039;, java.version: &#039;23.0.1&#039;
Driver info: org.openqa.selenium.chrome.ChromeDriver
Command: [3889a3fd565cbed8c1928a0b9dc8214e, sendKeysToElement {value=[Ljava.lang.CharSequence;@71e2c6d8, id=f.E310DC956D3F1579080C6D27155A6063.d.6F2870906D1E435F56573B4537A54D04.e.648}]
Capabilities {acceptInsecureCerts: false, browserName: chrome, browserVersion: 135.0.7049.42, chrome: {chromedriverVersion: 135.0.7049.84 (6c019e560019..., userDataDir: C:\Users\xmedia\AppData\Loc...}, fedcm:accounts: true, goog:chromeOptions: {debuggerAddress: localhost:57220}, networkConnectionEnabled: false, pageLoadStrategy: normal, platformName: windows, proxy: Proxy(), se:cdp: ws://localhost:57220/devtoo..., se:cdpVersion: 135.0.7049.42, setWindowRect: true, strictFileInteractability: false, timeouts: {implicit: 0, pageLoad: 300000, script: 30000}, unhandledPromptBehavior: dismiss and notify, webauthn:extension:credBlob: true, webauthn:extension:largeBlob: true, webauthn:extension:minPinLength: true, webauthn:extension:prf: true, webauthn:virtualAuthenticators: true}
Element: [[ChromeDriver: chrome on windows (3889a3fd565cbed8c1928a0b9dc8214e)] -&gt; name: username]
Session ID: 3889a3fd565cbed8c1928a0b9dc8214e" type="org.openqa.selenium.StaleElementReferenceException">
      <![CDATA[org.openqa.selenium.StaleElementReferenceException: stale element reference: stale element not found
  (Session info: chrome=135.0.7049.42)
For documentation on this error, please visit: https://www.selenium.dev/documentation/webdriver/troubleshooting/errors#stale-element-reference-exception
Build info: version: '4.22.0', revision: 'c5f3146703*'
System info: os.name: 'Windows 10', os.arch: 'amd64', os.version: '10.0', java.version: '23.0.1'
Driver info: org.openqa.selenium.chrome.ChromeDriver
Command: [3889a3fd565cbed8c1928a0b9dc8214e, sendKeysToElement {value=[Ljava.lang.CharSequence;@71e2c6d8, id=f.E310DC956D3F1579080C6D27155A6063.d.6F2870906D1E435F56573B4537A54D04.e.648}]
Capabilities {acceptInsecureCerts: false, browserName: chrome, browserVersion: 135.0.7049.42, chrome: {chromedriverVersion: 135.0.7049.84 (6c019e560019..., userDataDir: C:\Users\xmedia\AppData\Loc...}, fedcm:accounts: true, goog:chromeOptions: {debuggerAddress: localhost:57220}, networkConnectionEnabled: false, pageLoadStrategy: normal, platformName: windows, proxy: Proxy(), se:cdp: ws://localhost:57220/devtoo..., se:cdpVersion: 135.0.7049.42, setWindowRect: true, strictFileInteractability: false, timeouts: {implicit: 0, pageLoad: 300000, script: 30000}, unhandledPromptBehavior: dismiss and notify, webauthn:extension:credBlob: true, webauthn:extension:largeBlob: true, webauthn:extension:minPinLength: true, webauthn:extension:prf: true, webauthn:virtualAuthenticators: true}
Element: [[ChromeDriver: chrome on windows (3889a3fd565cbed8c1928a0b9dc8214e)] -> name: username]
Session ID: 3889a3fd565cbed8c1928a0b9dc8214e
at java.base/jdk.internal.reflect.DirectConstructorHandleAccessor.newInstance(DirectConstructorHandleAccessor.java:62)
at java.base/java.lang.reflect.Constructor.newInstanceWithCaller(Constructor.java:501)
at java.base/java.lang.reflect.Constructor.newInstance(Constructor.java:485)
at org.openqa.selenium.remote.ErrorCodec.decode(ErrorCodec.java:167)
at org.openqa.selenium.remote.codec.w3c.W3CHttpResponseCodec.decode(W3CHttpResponseCodec.java:138)
at org.openqa.selenium.remote.codec.w3c.W3CHttpResponseCodec.decode(W3CHttpResponseCodec.java:50)
at org.openqa.selenium.remote.HttpCommandExecutor.execute(HttpCommandExecutor.java:190)
at org.openqa.selenium.remote.service.DriverCommandExecutor.invokeExecute(DriverCommandExecutor.java:216)
at org.openqa.selenium.remote.service.DriverCommandExecutor.execute(DriverCommandExecutor.java:174)
at org.openqa.selenium.remote.RemoteWebDriver.execute(RemoteWebDriver.java:518)
at org.openqa.selenium.remote.RemoteWebElement.execute(RemoteWebElement.java:223)
at org.openqa.selenium.remote.RemoteWebElement.sendKeys(RemoteWebElement.java:110)
at pageObjectClass.OrangeHRMLoginPage.login(OrangeHRMLoginPage.java:34)
at testBase.Login_Page_test.loginTest010(Login_Page_test.java:102)
at java.base/jdk.internal.reflect.DirectMethodHandleAccessor.invoke(DirectMethodHandleAccessor.java:103)
at java.base/java.lang.reflect.Method.invoke(Method.java:580)
at org.testng.internal.invokers.MethodInvocationHelper.invokeMethod(MethodInvocationHelper.java:139)
at org.testng.internal.invokers.TestInvoker.invokeMethod(TestInvoker.java:664)
at org.testng.internal.invokers.TestInvoker.invokeTestMethod(TestInvoker.java:228)
at org.testng.internal.invokers.MethodRunner.runInSequence(MethodRunner.java:63)
at org.testng.internal.invokers.TestInvoker$MethodInvocationAgent.invoke(TestInvoker.java:961)
at org.testng.internal.invokers.TestInvoker.invokeTestMethods(TestInvoker.java:201)
at org.testng.internal.invokers.TestMethodWorker.invokeTestMethods(TestMethodWorker.java:148)
at org.testng.internal.invokers.TestMethodWorker.run(TestMethodWorker.java:128)
at java.base/java.util.ArrayList.forEach(ArrayList.java:1597)
at org.testng.TestRunner.privateRun(TestRunner.java:819)
at org.testng.TestRunner.run(TestRunner.java:619)
at org.testng.SuiteRunner.runTest(SuiteRunner.java:443)
at org.testng.SuiteRunner.runSequentially(SuiteRunner.java:437)
at org.testng.SuiteRunner.privateRun(SuiteRunner.java:397)
at org.testng.SuiteRunner.run(SuiteRunner.java:336)
at org.testng.SuiteRunnerWorker.runSuite(SuiteRunnerWorker.java:52)
at org.testng.SuiteRunnerWorker.run(SuiteRunnerWorker.java:95)
at org.testng.TestNG.runSuitesSequentially(TestNG.java:1301)
at org.testng.TestNG.runSuitesLocally(TestNG.java:1228)
at org.testng.TestNG.runSuites(TestNG.java:1134)
at org.testng.TestNG.run(TestNG.java:1101)
at org.testng.remote.AbstractRemoteTestNG.run(AbstractRemoteTestNG.java:115)
at org.testng.remote.RemoteTestNG.initAndRun(RemoteTestNG.java:293)
at org.testng.remote.RemoteTestNG.main(RemoteTestNG.java:91)
]]>
    </error>
  </testcase> <!-- loginTest010 -->
  <testcase classname="testBase.Login_Page_test" name="loginTest010" time="1.744"/>
  <testcase classname="testBase.Login_Page_test" name="loginTest010" time="1.278"/>
  <testcase classname="testBase.Login_Page_test" name="loginTest010" time="1.589"/>
  <testcase classname="testBase.Login_Page_test" name="loginTest010" time="1.662"/>
  <testcase classname="testBase.Login_Page_test" name="loginTest010" time="1.620"/>
  <testcase classname="testBase.Login_Page_test" name="loginTest010" time="1.658"/>
  <testcase classname="testBase.Login_Page_test" name="loginTest010" time="1.610"/>
  <testcase classname="testBase.Login_Page_test" name="loginTest010" time="1.764"/>
  <testcase classname="testBase.Login_Page_test" name="loginTest010" time="1.631"/>
  <testcase classname="testBase.Login_Page_test" name="loginTest010" time="1.814"/>
  <testcase classname="testBase.Login_Page_test" name="loginTest010" time="1.741"/>
  <testcase classname="testBase.Login_Page_test" name="loginTest010" time="1.547"/>
  <testcase classname="testBase.Login_Page_test" name="loginTest010" time="0.809"/>
  <testcase classname="testBase.Login_Page_test" name="loginTest010" time="1.680"/>
  <testcase classname="testBase.Login_Page_test" name="CredentialUserNameAndPassword" time="1.982"/>
</testsuite> <!-- testBase.Login_Page_test -->
